<?xml version="1.0" encoding="UTF-8"?>
<!-- Generated by org.testng.reporters.JUnitReportReporter -->
<testsuite hostname="venkatas-MacBook-Pro.local" failures="0" tests="6" name="Tests.Login_6" time="29.802" errors="0" timestamp="2025-09-12T11:03:23 IST" skipped="0">
  <testcase classname="Tests.Login_6" name="testScrollDownUsingKeyboardOnLoginPage" time="4.632"/>
  <testcase classname="Tests.Login_6" name="testScrollUpUsingMouseScrollOnLoginPage" time="5.115"/>
  <testcase classname="Tests.Login_6" name="testScrollDownUsingMouseClickOnLoginPage" time="4.461"/>
  <testcase classname="Tests.Login_6" name="testScrollUpUsingKeyboardOnLoginPage" time="4.647"/>
  <testcase classname="Tests.Login_6" name="testScrollUpUsingMouseClickOnLoginPage" time="5.684"/>
  <testcase classname="Tests.Login_6" name="testScrollDownUsingMouseScrollOnLoginPage" time="5.263"/>
</testsuite> <!-- Tests.Login_6 -->
