<?xml version="1.0" encoding="UTF-8"?>
<!-- Generated by org.testng.reporters.JUnitReportReporter -->
<testsuite hostname="venkatas-MacBook-Pro.local" failures="0" tests="4" name="Tests.TestAutomation" time="44.254" errors="0" timestamp="2025-08-29T16:39:53 IST" skipped="0">
  <testcase classname="Tests.TestAutomation" name="verifyUrlLoads" time="5.382"/>
  <testcase classname="Tests.TestAutomation" name="verifyUrlLoads" time="15.194"/>
  <testcase classname="Tests.TestAutomation" name="verifyHomeButton" time="15.222"/>
  <testcase classname="Tests.TestAutomation" name="verifyHomeButton" time="8.456"/>
</testsuite> <!-- Tests.TestAutomation -->
