<?xml version="1.0" encoding="UTF-8"?>
<!-- Generated by org.testng.reporters.JUnitReportReporter -->
<testsuite hostname="LAPTOP-UQLJLBQ3" failures="0" tests="5" name="Tests.UI_Home" time="35.002" errors="0" timestamp="2025-09-15T12:01:01 IST" skipped="0">
  <testcase classname="Tests.UI_Home" name="verifyScrollUpButton" time="8.492"/>
  <testcase classname="Tests.UI_Home" name="verifyProductButtonFunctionality" time="5.847"/>
  <testcase classname="Tests.UI_Home" name="verifyRightHandScrollBar" time="5.494"/>
  <testcase classname="Tests.UI_Home" name="verifyLogoRedirectsHome" time="6.331"/>
  <testcase classname="Tests.UI_Home" name="verifyContactUsRedirect" time="8.838"/>
</testsuite> <!-- Tests.UI_Home -->
