<?xml version="1.0" encoding="UTF-8"?>
<!-- Generated by org.testng.reporters.JUnitReportReporter -->
<testsuite hostname="LAPTOP-UQLJLBQ3" failures="0" tests="5" name="Tests.Login_5" time="27.945" errors="0" timestamp="2025-09-15T11:37:58 IST" skipped="0">
  <testcase classname="Tests.Login_5" name="testVideoTutorialsIconOnLoginPage" time="6.760"/>
  <testcase classname="Tests.Login_5" name="testContactUsIconOnLoginPage" time="4.983"/>
  <testcase classname="Tests.Login_5" name="testAutomationExerciseLogoOnLoginPage" time="6.821"/>
  <testcase classname="Tests.Login_5" name="testApiTestingIconOnLoginPage" time="4.507"/>
  <testcase classname="Tests.Login_5" name="testSubscriptionEmailEntryFieldOnLoginPage" time="4.874"/>
</testsuite> <!-- Tests.Login_5 -->
