<?xml version="1.0" encoding="UTF-8"?>
<!-- Generated by org.testng.reporters.JUnitReportReporter -->
<testsuite hostname="venkatas-MacBook-Pro.local" failures="0" tests="26" name="Tests.TestCasesUI_2" time="128.738" errors="0" timestamp="2025-09-12T11:21:41 IST" skipped="0">
  <testcase classname="Tests.TestCasesUI_2" name="verifyTestCase19OpensAsDropdown" time="4.693"/>
  <testcase classname="Tests.TestCasesUI_2" name="verifyTestCase11OpensAsDropdown" time="4.548"/>
  <testcase classname="Tests.TestCasesUI_2" name="verifyTestCase24OpensAsDropdown" time="4.472"/>
  <testcase classname="Tests.TestCasesUI_2" name="verifyTestCase16OpensAsDropdown" time="5.114"/>
  <testcase classname="Tests.TestCasesUI_2" name="verifyTestCase10OpensAsDropdown" time="5.057"/>
  <testcase classname="Tests.TestCasesUI_2" name="verifyTestCase25OpensAsDropdown" time="4.899"/>
  <testcase classname="Tests.TestCasesUI_2" name="verifyTestCase2OpensAsDropdown" time="5.342"/>
  <testcase classname="Tests.TestCasesUI_2" name="verifyTestCase5OpensAsDropdown" time="4.297"/>
  <testcase classname="Tests.TestCasesUI_2" name="verifyTestCase26OpensAsDropdown" time="5.168"/>
  <testcase classname="Tests.TestCasesUI_2" name="verifyTestCase17OpensAsDropdown" time="5.096"/>
  <testcase classname="Tests.TestCasesUI_2" name="verifyTestCase13OpensAsDropdown" time="4.348"/>
  <testcase classname="Tests.TestCasesUI_2" name="verifyTestCase20OpensAsDropdown" time="4.424"/>
  <testcase classname="Tests.TestCasesUI_2" name="verifyTestCase21OpensAsDropdown" time="4.431"/>
  <testcase classname="Tests.TestCasesUI_2" name="verifyTestCase12OpensAsDropdown" time="4.624"/>
  <testcase classname="Tests.TestCasesUI_2" name="verifyTestCase8OpensAsDropdown" time="4.770"/>
  <testcase classname="Tests.TestCasesUI_2" name="verifyTestCase9OpensAsDropdown" time="6.536"/>
  <testcase classname="Tests.TestCasesUI_2" name="verifyTestCase18OpensAsDropdown" time="6.220"/>
  <testcase classname="Tests.TestCasesUI_2" name="verifyTestCase14OpensAsDropdown" time="4.503"/>
  <testcase classname="Tests.TestCasesUI_2" name="verifyTestCase23OpensAsDropdown" time="5.070"/>
  <testcase classname="Tests.TestCasesUI_2" name="verifyTestCase6OpensAsDropdown" time="5.521"/>
  <testcase classname="Tests.TestCasesUI_2" name="verifyTestCase3OpensAsDropdown" time="5.413"/>
  <testcase classname="Tests.TestCasesUI_2" name="verifyTestCase15OpensAsDropdown" time="5.448"/>
  <testcase classname="Tests.TestCasesUI_2" name="verifyTestCase22OpensAsDropdown" time="4.251"/>
  <testcase classname="Tests.TestCasesUI_2" name="verifyTestCase1OpensAsDropdown" time="4.373"/>
  <testcase classname="Tests.TestCasesUI_2" name="verifyTestCase7OpensAsDropdown" time="5.100"/>
  <testcase classname="Tests.TestCasesUI_2" name="verifyTestCase4OpensAsDropdown" time="5.020"/>
</testsuite> <!-- Tests.TestCasesUI_2 -->
