<?xml version="1.0" encoding="UTF-8"?>
<!-- Generated by org.testng.reporters.JUnitReportReporter -->
<testsuite hostname="venkatas-MacBook-Pro.local" failures="1" tests="15" name="Tests.ALLCART_UI" time="95.804" errors="3" timestamp="2025-09-12T10:21:43 IST" skipped="0">
  <testcase classname="Tests.ALLCART_UI" name="verifyFunctionalityOfHomeIconOnCartPage" time="8.245"/>
  <testcase classname="Tests.ALLCART_UI" name="verifySubscriptionNoteText" time="4.555"/>
  <testcase classname="Tests.ALLCART_UI" name="verifyFunctionalityOfContactUsIconOnCartPage" time="5.544"/>
  <testcase classname="Tests.ALLCART_UI" name="verifySubscriptionPlaceholderText" time="4.112">
    <failure message="Subscription placeholder text is incorrect. Found: Your email address expected [Your email here] but found [Your email address]" type="java.lang.AssertionError">
      <![CDATA[java.lang.AssertionError: Subscription placeholder text is incorrect. Found: Your email address expected [Your email here] but found [Your email address]
at org.testng.Assert.fail(Assert.java:111)
at org.testng.Assert.failNotEquals(Assert.java:1590)
at org.testng.Assert.assertEqualsImpl(Assert.java:150)
at org.testng.Assert.assertEquals(Assert.java:132)
at org.testng.Assert.assertEquals(Assert.java:656)
at Tests.ALLCART_UI.verifySubscriptionPlaceholderText(ALLCART_UI.java:163)
at java.base/jdk.internal.reflect.DirectMethodHandleAccessor.invoke(DirectMethodHandleAccessor.java:103)
at java.base/java.lang.reflect.Method.invoke(Method.java:580)
at org.testng.internal.invokers.MethodInvocationHelper.invokeMethod(MethodInvocationHelper.java:141)
at org.testng.internal.invokers.TestInvoker.invokeMethod(TestInvoker.java:687)
at org.testng.internal.invokers.TestInvoker.invokeTestMethod(TestInvoker.java:230)
at org.testng.internal.invokers.MethodRunner.runInSequence(MethodRunner.java:63)
at org.testng.internal.invokers.TestInvoker$MethodInvocationAgent.invoke(TestInvoker.java:995)
at org.testng.internal.invokers.TestInvoker.invokeTestMethods(TestInvoker.java:203)
at org.testng.internal.invokers.TestMethodWorker.invokeTestMethods(TestMethodWorker.java:154)
at org.testng.internal.invokers.TestMethodWorker.run(TestMethodWorker.java:134)
at java.base/java.util.ArrayList.forEach(ArrayList.java:1596)
at org.testng.TestRunner.privateRun(TestRunner.java:741)
at org.testng.TestRunner.run(TestRunner.java:616)
at org.testng.SuiteRunner.runTest(SuiteRunner.java:421)
at org.testng.SuiteRunner.runSequentially(SuiteRunner.java:413)
at org.testng.SuiteRunner.privateRun(SuiteRunner.java:373)
at org.testng.SuiteRunner.run(SuiteRunner.java:312)
at org.testng.SuiteRunnerWorker.runSuite(SuiteRunnerWorker.java:52)
at org.testng.SuiteRunnerWorker.run(SuiteRunnerWorker.java:95)
at org.testng.TestNG.runSuitesSequentially(TestNG.java:1274)
at org.testng.TestNG.runSuitesLocally(TestNG.java:1208)
at org.testng.TestNG.runSuites(TestNG.java:1112)
at org.testng.TestNG.run(TestNG.java:1079)
at org.testng.remote.AbstractRemoteTestNG.run(AbstractRemoteTestNG.java:115)
at org.testng.remote.RemoteTestNG.initAndRun(RemoteTestNG.java:293)
at org.testng.remote.RemoteTestNG.main(RemoteTestNG.java:91)
]]>
    </failure>
  </testcase> <!-- verifySubscriptionPlaceholderText -->
  <testcase classname="Tests.ALLCART_UI" name="verifyFunctionalityOfProductsIconOnCartPage" time="6.920"/>
  <testcase classname="Tests.ALLCART_UI" name="verifySubscriptionInputFieldAndButtonVisibility" time="15.433">
    <error message="Expected condition failed: waiting for visibility of element located by By.id: subscribe_email (tried for 10 second(s) with 500 milliseconds interval)
Build info: version: &#039;4.34.0&#039;, revision: &#039;2a4c61c498&#039;
System info: os.name: &#039;Mac OS X&#039;, os.arch: &#039;x86_64&#039;, os.version: &#039;15.6.1&#039;, java.version: &#039;21.0.8&#039;
Driver info: org.openqa.selenium.chrome.ChromeDriver
Capabilities {acceptInsecureCerts: false, browserName: chrome, browserVersion: 140.0.7339.133, chrome: {chromedriverVersion: 140.0.7339.82 (bc93617e21c3..., userDataDir: /var/folders/3z/q9ynh7zx03v...}, fedcm:accounts: true, goog:chromeOptions: {debuggerAddress: localhost:63119}, networkConnectionEnabled: false, pageLoadStrategy: normal, platformName: mac, proxy: Proxy(), se:cdp: ws://localhost:63119/devtoo..., se:cdpVersion: 140.0.7339.133, setWindowRect: true, strictFileInteractability: false, timeouts: {implicit: 0, pageLoad: 300000, script: 30000}, unhandledPromptBehavior: dismiss and notify, webauthn:extension:credBlob: true, webauthn:extension:largeBlob: true, webauthn:extension:minPinLength: true, webauthn:extension:prf: true, webauthn:virtualAuthenticators: true}
Session ID: 0dfeb486ea494f94abc3e17ebed2c71c" type="org.openqa.selenium.TimeoutException">
      <![CDATA[org.openqa.selenium.TimeoutException: Expected condition failed: waiting for visibility of element located by By.id: subscribe_email (tried for 10 second(s) with 500 milliseconds interval)
Build info: version: '4.34.0', revision: '2a4c61c498'
System info: os.name: 'Mac OS X', os.arch: 'x86_64', os.version: '15.6.1', java.version: '21.0.8'
Driver info: org.openqa.selenium.chrome.ChromeDriver
Capabilities {acceptInsecureCerts: false, browserName: chrome, browserVersion: 140.0.7339.133, chrome: {chromedriverVersion: 140.0.7339.82 (bc93617e21c3..., userDataDir: /var/folders/3z/q9ynh7zx03v...}, fedcm:accounts: true, goog:chromeOptions: {debuggerAddress: localhost:63119}, networkConnectionEnabled: false, pageLoadStrategy: normal, platformName: mac, proxy: Proxy(), se:cdp: ws://localhost:63119/devtoo..., se:cdpVersion: 140.0.7339.133, setWindowRect: true, strictFileInteractability: false, timeouts: {implicit: 0, pageLoad: 300000, script: 30000}, unhandledPromptBehavior: dismiss and notify, webauthn:extension:credBlob: true, webauthn:extension:largeBlob: true, webauthn:extension:minPinLength: true, webauthn:extension:prf: true, webauthn:virtualAuthenticators: true}
Session ID: 0dfeb486ea494f94abc3e17ebed2c71c
at org.openqa.selenium.support.ui.WebDriverWait.timeoutException(WebDriverWait.java:84)
at org.openqa.selenium.support.ui.FluentWait.until(FluentWait.java:228)
at Tests.ALLCART_UI.verifySubscriptionInputFieldAndButtonVisibility(ALLCART_UI.java:135)
at java.base/jdk.internal.reflect.DirectMethodHandleAccessor.invoke(DirectMethodHandleAccessor.java:103)
at java.base/java.lang.reflect.Method.invoke(Method.java:580)
at org.testng.internal.invokers.MethodInvocationHelper.invokeMethod(MethodInvocationHelper.java:141)
at org.testng.internal.invokers.TestInvoker.invokeMethod(TestInvoker.java:687)
at org.testng.internal.invokers.TestInvoker.invokeTestMethod(TestInvoker.java:230)
at org.testng.internal.invokers.MethodRunner.runInSequence(MethodRunner.java:63)
at org.testng.internal.invokers.TestInvoker$MethodInvocationAgent.invoke(TestInvoker.java:995)
at org.testng.internal.invokers.TestInvoker.invokeTestMethods(TestInvoker.java:203)
at org.testng.internal.invokers.TestMethodWorker.invokeTestMethods(TestMethodWorker.java:154)
at org.testng.internal.invokers.TestMethodWorker.run(TestMethodWorker.java:134)
at java.base/java.util.ArrayList.forEach(ArrayList.java:1596)
at org.testng.TestRunner.privateRun(TestRunner.java:741)
at org.testng.TestRunner.run(TestRunner.java:616)
at org.testng.SuiteRunner.runTest(SuiteRunner.java:421)
at org.testng.SuiteRunner.runSequentially(SuiteRunner.java:413)
at org.testng.SuiteRunner.privateRun(SuiteRunner.java:373)
at org.testng.SuiteRunner.run(SuiteRunner.java:312)
at org.testng.SuiteRunnerWorker.runSuite(SuiteRunnerWorker.java:52)
at org.testng.SuiteRunnerWorker.run(SuiteRunnerWorker.java:95)
at org.testng.TestNG.runSuitesSequentially(TestNG.java:1274)
at org.testng.TestNG.runSuitesLocally(TestNG.java:1208)
at org.testng.TestNG.runSuites(TestNG.java:1112)
at org.testng.TestNG.run(TestNG.java:1079)
at org.testng.remote.AbstractRemoteTestNG.run(AbstractRemoteTestNG.java:115)
at org.testng.remote.RemoteTestNG.initAndRun(RemoteTestNG.java:293)
at org.testng.remote.RemoteTestNG.main(RemoteTestNG.java:91)
]]>
    </error>
  </testcase> <!-- verifySubscriptionInputFieldAndButtonVisibility -->
  <testcase classname="Tests.ALLCART_UI" name="verifyFooterCopyrightText" time="3.730"/>
  <testcase classname="Tests.ALLCART_UI" name="verifyFunctionalityOfCartIconOnCartPage" time="5.291"/>
  <testcase classname="Tests.ALLCART_UI" name="verifyFunctionalityOfLoginIconOnCartPage" time="7.281"/>
  <testcase classname="Tests.ALLCART_UI" name="verifyCartEmptyMessageAndRedirectLink" time="3.458">
    <error message="no such element: Unable to locate element: {&quot;method&quot;:&quot;xpath&quot;,&quot;selector&quot;:&quot;//a[contains(text(), &#039;Click here&#039;)]&quot;}
  (Session info: chrome=140.0.7339.133)
For documentation on this error, please visit: https://www.selenium.dev/documentation/webdriver/troubleshooting/errors#no-such-element-exception
Build info: version: &#039;4.34.0&#039;, revision: &#039;2a4c61c498&#039;
System info: os.name: &#039;Mac OS X&#039;, os.arch: &#039;x86_64&#039;, os.version: &#039;15.6.1&#039;, java.version: &#039;21.0.8&#039;
Driver info: org.openqa.selenium.chrome.ChromeDriver
Command: [fad80ed19a49a057976f690a48dc16f7, findElement {value=//a[contains(text(), &#039;Click here&#039;)], using=xpath}]
Capabilities {acceptInsecureCerts: false, browserName: chrome, browserVersion: 140.0.7339.133, chrome: {chromedriverVersion: 140.0.7339.82 (bc93617e21c3..., userDataDir: /var/folders/3z/q9ynh7zx03v...}, fedcm:accounts: true, goog:chromeOptions: {debuggerAddress: localhost:62604}, networkConnectionEnabled: false, pageLoadStrategy: normal, platformName: mac, proxy: Proxy(), se:cdp: ws://localhost:62604/devtoo..., se:cdpVersion: 140.0.7339.133, setWindowRect: true, strictFileInteractability: false, timeouts: {implicit: 0, pageLoad: 300000, script: 30000}, unhandledPromptBehavior: dismiss and notify, webauthn:extension:credBlob: true, webauthn:extension:largeBlob: true, webauthn:extension:minPinLength: true, webauthn:extension:prf: true, webauthn:virtualAuthenticators: true}
Session ID: fad80ed19a49a057976f690a48dc16f7" type="org.openqa.selenium.NoSuchElementException">
      <![CDATA[org.openqa.selenium.NoSuchElementException: no such element: Unable to locate element: {"method":"xpath","selector":"//a[contains(text(), 'Click here')]"}
  (Session info: chrome=140.0.7339.133)
For documentation on this error, please visit: https://www.selenium.dev/documentation/webdriver/troubleshooting/errors#no-such-element-exception
Build info: version: '4.34.0', revision: '2a4c61c498'
System info: os.name: 'Mac OS X', os.arch: 'x86_64', os.version: '15.6.1', java.version: '21.0.8'
Driver info: org.openqa.selenium.chrome.ChromeDriver
Command: [fad80ed19a49a057976f690a48dc16f7, findElement {value=//a[contains(text(), 'Click here')], using=xpath}]
Capabilities {acceptInsecureCerts: false, browserName: chrome, browserVersion: 140.0.7339.133, chrome: {chromedriverVersion: 140.0.7339.82 (bc93617e21c3..., userDataDir: /var/folders/3z/q9ynh7zx03v...}, fedcm:accounts: true, goog:chromeOptions: {debuggerAddress: localhost:62604}, networkConnectionEnabled: false, pageLoadStrategy: normal, platformName: mac, proxy: Proxy(), se:cdp: ws://localhost:62604/devtoo..., se:cdpVersion: 140.0.7339.133, setWindowRect: true, strictFileInteractability: false, timeouts: {implicit: 0, pageLoad: 300000, script: 30000}, unhandledPromptBehavior: dismiss and notify, webauthn:extension:credBlob: true, webauthn:extension:largeBlob: true, webauthn:extension:minPinLength: true, webauthn:extension:prf: true, webauthn:virtualAuthenticators: true}
Session ID: fad80ed19a49a057976f690a48dc16f7
at java.base/jdk.internal.reflect.DirectConstructorHandleAccessor.newInstance(DirectConstructorHandleAccessor.java:62)
at java.base/java.lang.reflect.Constructor.newInstanceWithCaller(Constructor.java:502)
at java.base/java.lang.reflect.Constructor.newInstance(Constructor.java:486)
at org.openqa.selenium.remote.ErrorCodec.decode(ErrorCodec.java:167)
at org.openqa.selenium.remote.codec.w3c.W3CHttpResponseCodec.decode(W3CHttpResponseCodec.java:138)
at org.openqa.selenium.remote.codec.w3c.W3CHttpResponseCodec.decode(W3CHttpResponseCodec.java:50)
at org.openqa.selenium.remote.HttpCommandExecutor.execute(HttpCommandExecutor.java:215)
at org.openqa.selenium.remote.service.DriverCommandExecutor.invokeExecute(DriverCommandExecutor.java:216)
at org.openqa.selenium.remote.service.DriverCommandExecutor.execute(DriverCommandExecutor.java:174)
at org.openqa.selenium.remote.RemoteWebDriver.execute(RemoteWebDriver.java:544)
at org.openqa.selenium.remote.ElementLocation$ElementFinder$2.findElement(ElementLocation.java:165)
at org.openqa.selenium.remote.ElementLocation.findElement(ElementLocation.java:59)
at org.openqa.selenium.remote.RemoteWebDriver.findElement(RemoteWebDriver.java:367)
at org.openqa.selenium.remote.RemoteWebDriver.findElement(RemoteWebDriver.java:361)
at Tests.ALLCART_UI.verifyCartEmptyMessageAndRedirectLink(ALLCART_UI.java:118)
at java.base/jdk.internal.reflect.DirectMethodHandleAccessor.invoke(DirectMethodHandleAccessor.java:103)
at java.base/java.lang.reflect.Method.invoke(Method.java:580)
at org.testng.internal.invokers.MethodInvocationHelper.invokeMethod(MethodInvocationHelper.java:141)
at org.testng.internal.invokers.TestInvoker.invokeMethod(TestInvoker.java:687)
at org.testng.internal.invokers.TestInvoker.invokeTestMethod(TestInvoker.java:230)
at org.testng.internal.invokers.MethodRunner.runInSequence(MethodRunner.java:63)
at org.testng.internal.invokers.TestInvoker$MethodInvocationAgent.invoke(TestInvoker.java:995)
at org.testng.internal.invokers.TestInvoker.invokeTestMethods(TestInvoker.java:203)
at org.testng.internal.invokers.TestMethodWorker.invokeTestMethods(TestMethodWorker.java:154)
at org.testng.internal.invokers.TestMethodWorker.run(TestMethodWorker.java:134)
at java.base/java.util.ArrayList.forEach(ArrayList.java:1596)
at org.testng.TestRunner.privateRun(TestRunner.java:741)
at org.testng.TestRunner.run(TestRunner.java:616)
at org.testng.SuiteRunner.runTest(SuiteRunner.java:421)
at org.testng.SuiteRunner.runSequentially(SuiteRunner.java:413)
at org.testng.SuiteRunner.privateRun(SuiteRunner.java:373)
at org.testng.SuiteRunner.run(SuiteRunner.java:312)
at org.testng.SuiteRunnerWorker.runSuite(SuiteRunnerWorker.java:52)
at org.testng.SuiteRunnerWorker.run(SuiteRunnerWorker.java:95)
at org.testng.TestNG.runSuitesSequentially(TestNG.java:1274)
at org.testng.TestNG.runSuitesLocally(TestNG.java:1208)
at org.testng.TestNG.runSuites(TestNG.java:1112)
at org.testng.TestNG.run(TestNG.java:1079)
at org.testng.remote.AbstractRemoteTestNG.run(AbstractRemoteTestNG.java:115)
at org.testng.remote.RemoteTestNG.initAndRun(RemoteTestNG.java:293)
at org.testng.remote.RemoteTestNG.main(RemoteTestNG.java:91)
]]>
    </error>
  </testcase> <!-- verifyCartEmptyMessageAndRedirectLink -->
  <testcase classname="Tests.ALLCART_UI" name="verifyBreadcrumbNavigationOnCartPage" time="4.169">
    <error message="no such element: Unable to locate element: {&quot;method&quot;:&quot;xpath&quot;,&quot;selector&quot;:&quot;//div[@class=&#039;container&#039;]/ol&quot;}
  (Session info: chrome=140.0.7339.133)
For documentation on this error, please visit: https://www.selenium.dev/documentation/webdriver/troubleshooting/errors#no-such-element-exception
Build info: version: &#039;4.34.0&#039;, revision: &#039;2a4c61c498&#039;
System info: os.name: &#039;Mac OS X&#039;, os.arch: &#039;x86_64&#039;, os.version: &#039;15.6.1&#039;, java.version: &#039;21.0.8&#039;
Driver info: org.openqa.selenium.chrome.ChromeDriver
Command: [6403f7b6d5d176556db13ca79b0222ff, findElement {value=//div[@class=&#039;container&#039;]/ol, using=xpath}]
Capabilities {acceptInsecureCerts: false, browserName: chrome, browserVersion: 140.0.7339.133, chrome: {chromedriverVersion: 140.0.7339.82 (bc93617e21c3..., userDataDir: /var/folders/3z/q9ynh7zx03v...}, fedcm:accounts: true, goog:chromeOptions: {debuggerAddress: localhost:62578}, networkConnectionEnabled: false, pageLoadStrategy: normal, platformName: mac, proxy: Proxy(), se:cdp: ws://localhost:62578/devtoo..., se:cdpVersion: 140.0.7339.133, setWindowRect: true, strictFileInteractability: false, timeouts: {implicit: 0, pageLoad: 300000, script: 30000}, unhandledPromptBehavior: dismiss and notify, webauthn:extension:credBlob: true, webauthn:extension:largeBlob: true, webauthn:extension:minPinLength: true, webauthn:extension:prf: true, webauthn:virtualAuthenticators: true}
Session ID: 6403f7b6d5d176556db13ca79b0222ff" type="org.openqa.selenium.NoSuchElementException">
      <![CDATA[org.openqa.selenium.NoSuchElementException: no such element: Unable to locate element: {"method":"xpath","selector":"//div[@class='container']/ol"}
  (Session info: chrome=140.0.7339.133)
For documentation on this error, please visit: https://www.selenium.dev/documentation/webdriver/troubleshooting/errors#no-such-element-exception
Build info: version: '4.34.0', revision: '2a4c61c498'
System info: os.name: 'Mac OS X', os.arch: 'x86_64', os.version: '15.6.1', java.version: '21.0.8'
Driver info: org.openqa.selenium.chrome.ChromeDriver
Command: [6403f7b6d5d176556db13ca79b0222ff, findElement {value=//div[@class='container']/ol, using=xpath}]
Capabilities {acceptInsecureCerts: false, browserName: chrome, browserVersion: 140.0.7339.133, chrome: {chromedriverVersion: 140.0.7339.82 (bc93617e21c3..., userDataDir: /var/folders/3z/q9ynh7zx03v...}, fedcm:accounts: true, goog:chromeOptions: {debuggerAddress: localhost:62578}, networkConnectionEnabled: false, pageLoadStrategy: normal, platformName: mac, proxy: Proxy(), se:cdp: ws://localhost:62578/devtoo..., se:cdpVersion: 140.0.7339.133, setWindowRect: true, strictFileInteractability: false, timeouts: {implicit: 0, pageLoad: 300000, script: 30000}, unhandledPromptBehavior: dismiss and notify, webauthn:extension:credBlob: true, webauthn:extension:largeBlob: true, webauthn:extension:minPinLength: true, webauthn:extension:prf: true, webauthn:virtualAuthenticators: true}
Session ID: 6403f7b6d5d176556db13ca79b0222ff
at java.base/jdk.internal.reflect.DirectConstructorHandleAccessor.newInstance(DirectConstructorHandleAccessor.java:62)
at java.base/java.lang.reflect.Constructor.newInstanceWithCaller(Constructor.java:502)
at java.base/java.lang.reflect.Constructor.newInstance(Constructor.java:486)
at org.openqa.selenium.remote.ErrorCodec.decode(ErrorCodec.java:167)
at org.openqa.selenium.remote.codec.w3c.W3CHttpResponseCodec.decode(W3CHttpResponseCodec.java:138)
at org.openqa.selenium.remote.codec.w3c.W3CHttpResponseCodec.decode(W3CHttpResponseCodec.java:50)
at org.openqa.selenium.remote.HttpCommandExecutor.execute(HttpCommandExecutor.java:215)
at org.openqa.selenium.remote.service.DriverCommandExecutor.invokeExecute(DriverCommandExecutor.java:216)
at org.openqa.selenium.remote.service.DriverCommandExecutor.execute(DriverCommandExecutor.java:174)
at org.openqa.selenium.remote.RemoteWebDriver.execute(RemoteWebDriver.java:544)
at org.openqa.selenium.remote.ElementLocation$ElementFinder$2.findElement(ElementLocation.java:165)
at org.openqa.selenium.remote.ElementLocation.findElement(ElementLocation.java:59)
at org.openqa.selenium.remote.RemoteWebDriver.findElement(RemoteWebDriver.java:367)
at org.openqa.selenium.remote.RemoteWebDriver.findElement(RemoteWebDriver.java:361)
at Tests.ALLCART_UI.verifyBreadcrumbNavigationOnCartPage(ALLCART_UI.java:93)
at java.base/jdk.internal.reflect.DirectMethodHandleAccessor.invoke(DirectMethodHandleAccessor.java:103)
at java.base/java.lang.reflect.Method.invoke(Method.java:580)
at org.testng.internal.invokers.MethodInvocationHelper.invokeMethod(MethodInvocationHelper.java:141)
at org.testng.internal.invokers.TestInvoker.invokeMethod(TestInvoker.java:687)
at org.testng.internal.invokers.TestInvoker.invokeTestMethod(TestInvoker.java:230)
at org.testng.internal.invokers.MethodRunner.runInSequence(MethodRunner.java:63)
at org.testng.internal.invokers.TestInvoker$MethodInvocationAgent.invoke(TestInvoker.java:995)
at org.testng.internal.invokers.TestInvoker.invokeTestMethods(TestInvoker.java:203)
at org.testng.internal.invokers.TestMethodWorker.invokeTestMethods(TestMethodWorker.java:154)
at org.testng.internal.invokers.TestMethodWorker.run(TestMethodWorker.java:134)
at java.base/java.util.ArrayList.forEach(ArrayList.java:1596)
at org.testng.TestRunner.privateRun(TestRunner.java:741)
at org.testng.TestRunner.run(TestRunner.java:616)
at org.testng.SuiteRunner.runTest(SuiteRunner.java:421)
at org.testng.SuiteRunner.runSequentially(SuiteRunner.java:413)
at org.testng.SuiteRunner.privateRun(SuiteRunner.java:373)
at org.testng.SuiteRunner.run(SuiteRunner.java:312)
at org.testng.SuiteRunnerWorker.runSuite(SuiteRunnerWorker.java:52)
at org.testng.SuiteRunnerWorker.run(SuiteRunnerWorker.java:95)
at org.testng.TestNG.runSuitesSequentially(TestNG.java:1274)
at org.testng.TestNG.runSuitesLocally(TestNG.java:1208)
at org.testng.TestNG.runSuites(TestNG.java:1112)
at org.testng.TestNG.run(TestNG.java:1079)
at org.testng.remote.AbstractRemoteTestNG.run(AbstractRemoteTestNG.java:115)
at org.testng.remote.RemoteTestNG.initAndRun(RemoteTestNG.java:293)
at org.testng.remote.RemoteTestNG.main(RemoteTestNG.java:91)
]]>
    </error>
  </testcase> <!-- verifyBreadcrumbNavigationOnCartPage -->
  <testcase classname="Tests.ALLCART_UI" name="verifyFunctionalityOfTestCasesIconOnCartPage" time="5.609"/>
  <testcase classname="Tests.ALLCART_UI" name="verifyFunctionalityOfAPITestingIconOnCartPage" time="6.634"/>
  <testcase classname="Tests.ALLCART_UI" name="verifyFunctionalityOfAutomationExerciseLogoOnCartPage" time="7.025"/>
  <testcase classname="Tests.ALLCART_UI" name="verifyFunctionalityOfVideoTutorialsIconOnCartPage" time="7.798"/>
</testsuite> <!-- Tests.ALLCART_UI -->
