<?xml version="1.0" encoding="UTF-8"?>
<!-- Generated by org.testng.reporters.JUnitReportReporter -->
<testsuite hostname="venkatas-MacBook-Pro.local" failures="0" tests="5" name="Tests.UI_Home" time="37.526" errors="0" timestamp="2025-09-12T11:22:45 IST" skipped="0">
  <testcase classname="Tests.UI_Home" name="verifyLogoRedirectsHome" time="8.022"/>
  <testcase classname="Tests.UI_Home" name="verifyContactUsRedirect" time="8.581"/>
  <testcase classname="Tests.UI_Home" name="verifyProductButtonFunctionality" time="5.704"/>
  <testcase classname="Tests.UI_Home" name="verifyScrollUpButton" time="9.465"/>
  <testcase classname="Tests.UI_Home" name="verifyRightHandScrollBar" time="5.754"/>
</testsuite> <!-- Tests.UI_Home -->
