<?xml version="1.0" encoding="UTF-8"?>
<!-- Generated by org.testng.reporters.JUnitReportReporter -->
<testsuite hostname="venkatas-MacBook-Pro.local" failures="0" tests="5" name="Tests.Login_4" time="31.133" errors="0" timestamp="2025-09-01T11:02:46 IST" skipped="0">
  <testcase classname="Tests.Login_4" name="testTestCasesIconOnLoginPage" time="5.655"/>
  <testcase classname="Tests.Login_4" name="testProductIconOnLoginPage" time="6.721"/>
  <testcase classname="Tests.Login_4" name="testLoginIconOnLoginPage" time="6.329"/>
  <testcase classname="Tests.Login_4" name="testHomeIconOnLoginPage" time="7.116"/>
  <testcase classname="Tests.Login_4" name="testCartIconOnLoginPage" time="5.312"/>
</testsuite> <!-- Tests.Login_4 -->
