<?xml version="1.0" encoding="UTF-8"?>
<!-- Generated by org.testng.reporters.JUnitReportReporter -->
<testsuite hostname="venkatas-MacBook-Pro.local" failures="0" tests="20" name="Tests.ContactUsPage_UI_1" time="124.767" errors="1" timestamp="2025-09-12T10:44:01 IST" skipped="0">
  <testcase classname="Tests.ContactUsPage_UI_1" name="verifyScrollUpFeatureUsingMouseScroll" time="3.554"/>
  <testcase classname="Tests.ContactUsPage_UI_1" name="verifyScrollDownFeatureUsingKeyboard" time="5.075"/>
  <testcase classname="Tests.ContactUsPage_UI_1" name="verifyScrollUpFeatureUsingKeyboard" time="3.624"/>
  <testcase classname="Tests.ContactUsPage_UI_1" name="verifyScrollDownFeatureUsingMouseScroll" time="4.301"/>
  <testcase classname="Tests.ContactUsPage_UI_1" name="verifyScrollUpFeatureUsingMouseClick" time="4.850"/>
  <testcase classname="Tests.ContactUsPage_UI_1" name="verifyFunctionalityOfAutomationExerciseLogoOnContactUsPage" time="9.254"/>
  <testcase classname="Tests.ContactUsPage_UI_1" name="verifyFunctionalityOfCartIconOnContactUsPage" time="5.380"/>
  <testcase classname="Tests.ContactUsPage_UI_1" name="verifyScrollDownFeatureUsingMouseClick" time="3.839"/>
  <testcase classname="Tests.ContactUsPage_UI_1" name="verifyFunctionalityOfTestCasesIconOnContactUsPage" time="7.112"/>
  <testcase classname="Tests.ContactUsPage_UI_1" name="verifyFunctionalityOfVideoTutorialsIconOnContactUsPage" time="9.098"/>
  <testcase classname="Tests.ContactUsPage_UI_1" name="verifyFontSizeOnContactUsPage" time="5.296"/>
  <testcase classname="Tests.ContactUsPage_UI_1" name="verifyFunctionalityOfContactUsIconOnContactUsPage" time="8.914"/>
  <testcase classname="Tests.ContactUsPage_UI_1" name="verifyFunctionalityOfHomeIconOnContactUsPage" time="8.596"/>
  <testcase classname="Tests.ContactUsPage_UI_1" name="verifyFontStyleOnContactUsPage" time="4.716"/>
  <testcase classname="Tests.ContactUsPage_UI_1" name="verifyDeclarationAtEndOfContactUsPage" time="6.009"/>
  <testcase classname="Tests.ContactUsPage_UI_1" name="verifyNoteSectionDisplayOnContactUsPage" time="4.639">
    <error message="no such element: Unable to locate element: {&quot;method&quot;:&quot;xpath&quot;,&quot;selector&quot;:&quot;//h4[contains(text(), &#039;Note:&#039;)]&quot;}
  (Session info: chrome=140.0.7339.133)
For documentation on this error, please visit: https://www.selenium.dev/documentation/webdriver/troubleshooting/errors#no-such-element-exception
Build info: version: &#039;4.34.0&#039;, revision: &#039;2a4c61c498&#039;
System info: os.name: &#039;Mac OS X&#039;, os.arch: &#039;x86_64&#039;, os.version: &#039;15.6.1&#039;, java.version: &#039;21.0.8&#039;
Driver info: org.openqa.selenium.chrome.ChromeDriver
Command: [c80dc3c1d2bdf382a2821547ae875f5c, findElement {value=//h4[contains(text(), &#039;Note:&#039;)], using=xpath}]
Capabilities {acceptInsecureCerts: false, browserName: chrome, browserVersion: 140.0.7339.133, chrome: {chromedriverVersion: 140.0.7339.82 (bc93617e21c3..., userDataDir: /var/folders/3z/q9ynh7zx03v...}, fedcm:accounts: true, goog:chromeOptions: {debuggerAddress: localhost:49965}, networkConnectionEnabled: false, pageLoadStrategy: normal, platformName: mac, proxy: Proxy(), se:cdp: ws://localhost:49965/devtoo..., se:cdpVersion: 140.0.7339.133, setWindowRect: true, strictFileInteractability: false, timeouts: {implicit: 0, pageLoad: 300000, script: 30000}, unhandledPromptBehavior: dismiss and notify, webauthn:extension:credBlob: true, webauthn:extension:largeBlob: true, webauthn:extension:minPinLength: true, webauthn:extension:prf: true, webauthn:virtualAuthenticators: true}
Session ID: c80dc3c1d2bdf382a2821547ae875f5c" type="org.openqa.selenium.NoSuchElementException">
      <![CDATA[org.openqa.selenium.NoSuchElementException: no such element: Unable to locate element: {"method":"xpath","selector":"//h4[contains(text(), 'Note:')]"}
  (Session info: chrome=140.0.7339.133)
For documentation on this error, please visit: https://www.selenium.dev/documentation/webdriver/troubleshooting/errors#no-such-element-exception
Build info: version: '4.34.0', revision: '2a4c61c498'
System info: os.name: 'Mac OS X', os.arch: 'x86_64', os.version: '15.6.1', java.version: '21.0.8'
Driver info: org.openqa.selenium.chrome.ChromeDriver
Command: [c80dc3c1d2bdf382a2821547ae875f5c, findElement {value=//h4[contains(text(), 'Note:')], using=xpath}]
Capabilities {acceptInsecureCerts: false, browserName: chrome, browserVersion: 140.0.7339.133, chrome: {chromedriverVersion: 140.0.7339.82 (bc93617e21c3..., userDataDir: /var/folders/3z/q9ynh7zx03v...}, fedcm:accounts: true, goog:chromeOptions: {debuggerAddress: localhost:49965}, networkConnectionEnabled: false, pageLoadStrategy: normal, platformName: mac, proxy: Proxy(), se:cdp: ws://localhost:49965/devtoo..., se:cdpVersion: 140.0.7339.133, setWindowRect: true, strictFileInteractability: false, timeouts: {implicit: 0, pageLoad: 300000, script: 30000}, unhandledPromptBehavior: dismiss and notify, webauthn:extension:credBlob: true, webauthn:extension:largeBlob: true, webauthn:extension:minPinLength: true, webauthn:extension:prf: true, webauthn:virtualAuthenticators: true}
Session ID: c80dc3c1d2bdf382a2821547ae875f5c
at java.base/jdk.internal.reflect.DirectConstructorHandleAccessor.newInstance(DirectConstructorHandleAccessor.java:62)
at java.base/java.lang.reflect.Constructor.newInstanceWithCaller(Constructor.java:502)
at java.base/java.lang.reflect.Constructor.newInstance(Constructor.java:486)
at org.openqa.selenium.remote.ErrorCodec.decode(ErrorCodec.java:167)
at org.openqa.selenium.remote.codec.w3c.W3CHttpResponseCodec.decode(W3CHttpResponseCodec.java:138)
at org.openqa.selenium.remote.codec.w3c.W3CHttpResponseCodec.decode(W3CHttpResponseCodec.java:50)
at org.openqa.selenium.remote.HttpCommandExecutor.execute(HttpCommandExecutor.java:215)
at org.openqa.selenium.remote.service.DriverCommandExecutor.invokeExecute(DriverCommandExecutor.java:216)
at org.openqa.selenium.remote.service.DriverCommandExecutor.execute(DriverCommandExecutor.java:174)
at org.openqa.selenium.remote.RemoteWebDriver.execute(RemoteWebDriver.java:544)
at org.openqa.selenium.remote.ElementLocation$ElementFinder$2.findElement(ElementLocation.java:165)
at org.openqa.selenium.remote.ElementLocation.findElement(ElementLocation.java:59)
at org.openqa.selenium.remote.RemoteWebDriver.findElement(RemoteWebDriver.java:367)
at org.openqa.selenium.remote.RemoteWebDriver.findElement(RemoteWebDriver.java:361)
at Tests.ContactUsPage_UI_1.verifyNoteSectionDisplayOnContactUsPage(ContactUsPage_UI_1.java:420)
at java.base/jdk.internal.reflect.DirectMethodHandleAccessor.invoke(DirectMethodHandleAccessor.java:103)
at java.base/java.lang.reflect.Method.invoke(Method.java:580)
at org.testng.internal.invokers.MethodInvocationHelper.invokeMethod(MethodInvocationHelper.java:141)
at org.testng.internal.invokers.TestInvoker.invokeMethod(TestInvoker.java:687)
at org.testng.internal.invokers.TestInvoker.invokeTestMethod(TestInvoker.java:230)
at org.testng.internal.invokers.MethodRunner.runInSequence(MethodRunner.java:63)
at org.testng.internal.invokers.TestInvoker$MethodInvocationAgent.invoke(TestInvoker.java:995)
at org.testng.internal.invokers.TestInvoker.invokeTestMethods(TestInvoker.java:203)
at org.testng.internal.invokers.TestMethodWorker.invokeTestMethods(TestMethodWorker.java:154)
at org.testng.internal.invokers.TestMethodWorker.run(TestMethodWorker.java:134)
at java.base/java.util.ArrayList.forEach(ArrayList.java:1596)
at org.testng.TestRunner.privateRun(TestRunner.java:741)
at org.testng.TestRunner.run(TestRunner.java:616)
at org.testng.SuiteRunner.runTest(SuiteRunner.java:421)
at org.testng.SuiteRunner.runSequentially(SuiteRunner.java:413)
at org.testng.SuiteRunner.privateRun(SuiteRunner.java:373)
at org.testng.SuiteRunner.run(SuiteRunner.java:312)
at org.testng.SuiteRunnerWorker.runSuite(SuiteRunnerWorker.java:52)
at org.testng.SuiteRunnerWorker.run(SuiteRunnerWorker.java:95)
at org.testng.TestNG.runSuitesSequentially(TestNG.java:1274)
at org.testng.TestNG.runSuitesLocally(TestNG.java:1208)
at org.testng.TestNG.runSuites(TestNG.java:1112)
at org.testng.TestNG.run(TestNG.java:1079)
at org.testng.remote.AbstractRemoteTestNG.run(AbstractRemoteTestNG.java:115)
at org.testng.remote.RemoteTestNG.initAndRun(RemoteTestNG.java:293)
at org.testng.remote.RemoteTestNG.main(RemoteTestNG.java:91)
]]>
    </error>
  </testcase> <!-- verifyNoteSectionDisplayOnContactUsPage -->
  <testcase classname="Tests.ContactUsPage_UI_1" name="verifyFunctionalityOfProductsIconOnContactUsPage" time="9.548"/>
  <testcase classname="Tests.ContactUsPage_UI_1" name="verifyContactUsTitleOnPage" time="4.887"/>
  <testcase classname="Tests.ContactUsPage_UI_1" name="verifyFunctionalityOfAPITestingIconOnContactUsPage" time="8.287"/>
  <testcase classname="Tests.ContactUsPage_UI_1" name="verifyFunctionalityOfLoginIconOnContactUsPage" time="7.788"/>
</testsuite> <!-- Tests.ContactUsPage_UI_1 -->
