<?xml version="1.0" encoding="UTF-8"?>
<!-- Generated by org.testng.reporters.JUnitReportReporter -->
<testsuite hostname="venkatas-MacBook-Pro.local" failures="0" tests="5" name="Tests.Product_UI_2" time="39.509" errors="0" timestamp="2025-09-12T11:05:16 IST" skipped="0">
  <testcase classname="Tests.Product_UI_2" name="verifyAutomationExerciseLogoOnProductsPage" time="7.482"/>
  <testcase classname="Tests.Product_UI_2" name="verifyApiTestingIconOnProductsPage" time="7.878"/>
  <testcase classname="Tests.Product_UI_2" name="verifyContactUsIconOnProductsPage" time="8.238"/>
  <testcase classname="Tests.Product_UI_2" name="verifyVideoTutorialsIconOnProductsPage" time="9.863"/>
  <testcase classname="Tests.Product_UI_2" name="verifyScrollDownFeatureOnProductsPage" time="6.048"/>
</testsuite> <!-- Tests.Product_UI_2 -->
