<?xml version="1.0" encoding="UTF-8"?>
<!-- Generated by org.testng.reporters.JUnitReportReporter -->
<testsuite hostname="LAPTOP-UQLJLBQ3" failures="0" tests="5" name="Tests.Product_UI_1" time="41.774" errors="0" timestamp="2025-09-17T14:09:13 IST" skipped="0">
  <testcase classname="Tests.Product_UI_1" name="verifyHomeIconOnProductsPage" time="8.428"/>
  <testcase classname="Tests.Product_UI_1" name="verifyLoginIconOnProductsPage" time="8.054"/>
  <testcase classname="Tests.Product_UI_1" name="verifyTestCasesIconOnProductsPage" time="7.977"/>
  <testcase classname="Tests.Product_UI_1" name="verifyProductIconOnProductsPage" time="9.398"/>
  <testcase classname="Tests.Product_UI_1" name="verifyCartIconOnProductsPage" time="7.917"/>
</testsuite> <!-- Tests.Product_UI_1 -->
