<?xml version="1.0" encoding="UTF-8"?>
<!-- Generated by org.testng.reporters.JUnitReportReporter -->
<testsuite hostname="LAPTOP-UQLJLBQ3" failures="0" tests="10" name="Tests.Product_Func_2" time="64.768" errors="0" timestamp="2025-09-17T14:09:13 IST" skipped="0">
  <testcase classname="Tests.Product_Func_2" name="TC_ECOM_Product_022_InvalidNameField" time="4.099"/>
  <testcase classname="Tests.Product_Func_2" name="TC_ECOM_Product_021_ValidNameField" time="3.317"/>
  <testcase classname="Tests.Product_Func_2" name="TC_ECOM_Product_013_AllenSollyJuniorProducts" time="8.325"/>
  <testcase classname="Tests.Product_Func_2" name="TC_ECOM_Product_025_ReviewField" time="7.710"/>
  <testcase classname="Tests.Product_Func_2" name="TC_ECOM_Product_014_KookiekidsProducts" time="7.265"/>
  <testcase classname="Tests.Product_Func_2" name="TC_ECOM_Product_017_AddToCart" time="9.253"/>
  <testcase classname="Tests.Product_Func_2" name="TC_ECOM_Product_015_BibaProducts" time="7.912"/>
  <testcase classname="Tests.Product_Func_2" name="TC_ECOM_Product_016_ViewProductButton" time="8.833"/>
  <testcase classname="Tests.Product_Func_2" name="TC_ECOM_Product_024_InvalidMail" time="3.755"/>
  <testcase classname="Tests.Product_Func_2" name="TC_ECOM_Product_023_ValidMail" time="4.299"/>
</testsuite> <!-- Tests.Product_Func_2 -->
