<?xml version="1.0" encoding="UTF-8"?>
<!-- Generated by org.testng.reporters.JUnitReportReporter -->
<testsuite hostname="LAPTOP-UQLJLBQ3" failures="0" tests="5" name="Tests.Product_UI_5" time="53.425" errors="0" timestamp="2025-09-17T14:09:13 IST" skipped="0">
  <testcase classname="Tests.Product_UI_5" name="verifyCursorChangeOnWomen" time="7.083"/>
  <testcase classname="Tests.Product_UI_5" name="verifyAllProductsTitle" time="6.342"/>
  <testcase classname="Tests.Product_UI_5" name="verifyCursorChangeOnMen" time="7.616"/>
  <testcase classname="Tests.Product_UI_5" name="verifyCursorChangeOnKids" time="26.309"/>
  <testcase classname="Tests.Product_UI_5" name="verifyBrandsTitle" time="6.075"/>
</testsuite> <!-- Tests.Product_UI_5 -->
