<?xml version="1.0" encoding="UTF-8"?>
<!-- Generated by org.testng.reporters.JUnitReportReporter -->
<testsuite hostname="LAPTOP-UQLJLBQ3" failures="0" tests="2" name="Tests.TestAutomation" time="13.426" errors="0" timestamp="2025-09-17T14:09:13 IST" skipped="0">
  <testcase classname="Tests.TestAutomation" name="verifyUrlLoads" time="4.867"/>
  <testcase classname="Tests.TestAutomation" name="verifyHomeButton" time="8.559"/>
</testsuite> <!-- Tests.TestAutomation -->
