<?xml version="1.0" encoding="UTF-8"?>
<!-- Generated by org.testng.reporters.JUnitReportReporter -->
<testsuite hostname="LAPTOP-UQLJLBQ3" failures="0" tests="5" name="Tests.Product_UI_5" time="25.667" errors="0" timestamp="2025-09-15T11:42:44 IST" skipped="0">
  <testcase classname="Tests.Product_UI_5" name="verifyCursorChangeOnKids" time="4.276"/>
  <testcase classname="Tests.Product_UI_5" name="verifyCursorChangeOnWomen" time="6.572"/>
  <testcase classname="Tests.Product_UI_5" name="verifyAllProductsTitle" time="5.358"/>
  <testcase classname="Tests.Product_UI_5" name="verifyBrandsTitle" time="4.310"/>
  <testcase classname="Tests.Product_UI_5" name="verifyCursorChangeOnMen" time="5.151"/>
</testsuite> <!-- Tests.Product_UI_5 -->
