<?xml version="1.0" encoding="UTF-8"?>
<!-- Generated by org.testng.reporters.JUnitReportReporter -->
<testsuite hostname="LAPTOP-UQLJLBQ3" failures="0" tests="14" name="Tests.APIUI_2" time="56.266" errors="0" timestamp="2025-09-15T11:11:33 IST" skipped="0">
  <testcase classname="Tests.APIUI_2" name="verifyAPIDropdown9" time="3.864"/>
  <testcase classname="Tests.APIUI_2" name="verifyAPIDropdown2" time="3.989"/>
  <testcase classname="Tests.APIUI_2" name="verifyAPIDropdown1" time="3.753"/>
  <testcase classname="Tests.APIUI_2" name="verifyAPIDropdown7" time="3.972"/>
  <testcase classname="Tests.APIUI_2" name="verifyAPIDropdown5" time="4.354"/>
  <testcase classname="Tests.APIUI_2" name="verifyAPIDropdown10" time="5.078"/>
  <testcase classname="Tests.APIUI_2" name="verifyAPIDropdown12" time="4.271"/>
  <testcase classname="Tests.APIUI_2" name="verifyAPIDropdown14" time="3.847"/>
  <testcase classname="Tests.APIUI_2" name="verifyAPIDropdown8" time="3.956"/>
  <testcase classname="Tests.APIUI_2" name="verifyAPIDropdown11" time="4.483"/>
  <testcase classname="Tests.APIUI_2" name="verifyAPIDropdown13" time="3.885"/>
  <testcase classname="Tests.APIUI_2" name="verifyAPIDropdown4" time="3.396"/>
  <testcase classname="Tests.APIUI_2" name="verifyAPIDropdown6" time="4.120"/>
  <testcase classname="Tests.APIUI_2" name="verifyAPIDropdown3" time="3.298"/>
</testsuite> <!-- Tests.APIUI_2 -->
