<?xml version="1.0" encoding="UTF-8"?>
<!-- Generated by org.testng.reporters.JUnitReportReporter -->
<testsuite hostname="LAPTOP-UQLJLBQ3" failures="0" tests="5" name="Tests.UI_Home" time="35.907" errors="0" timestamp="2025-09-17T14:09:13 IST" skipped="0">
  <testcase classname="Tests.UI_Home" name="verifyContactUsRedirect" time="7.699"/>
  <testcase classname="Tests.UI_Home" name="verifyProductButtonFunctionality" time="7.150"/>
  <testcase classname="Tests.UI_Home" name="verifyScrollUpButton" time="8.293"/>
  <testcase classname="Tests.UI_Home" name="verifyLogoRedirectsHome" time="8.492"/>
  <testcase classname="Tests.UI_Home" name="verifyRightHandScrollBar" time="4.273"/>
</testsuite> <!-- Tests.UI_Home -->
