<?xml version="1.0" encoding="UTF-8"?>
<!-- Generated by org.testng.reporters.JUnitReportReporter -->
<testsuite hostname="LAPTOP-UQLJLBQ3" failures="0" tests="14" name="Tests.APIUI_2" time="52.376" errors="0" timestamp="2025-09-17T14:09:13 IST" skipped="0">
  <testcase classname="Tests.APIUI_2" name="verifyAPIDropdown10" time="3.901"/>
  <testcase classname="Tests.APIUI_2" name="verifyAPIDropdown1" time="4.031"/>
  <testcase classname="Tests.APIUI_2" name="verifyAPIDropdown4" time="3.896"/>
  <testcase classname="Tests.APIUI_2" name="verifyAPIDropdown6" time="3.308"/>
  <testcase classname="Tests.APIUI_2" name="verifyAPIDropdown7" time="3.749"/>
  <testcase classname="Tests.APIUI_2" name="verifyAPIDropdown13" time="3.566"/>
  <testcase classname="Tests.APIUI_2" name="verifyAPIDropdown14" time="3.548"/>
  <testcase classname="Tests.APIUI_2" name="verifyAPIDropdown12" time="3.899"/>
  <testcase classname="Tests.APIUI_2" name="verifyAPIDropdown3" time="3.326"/>
  <testcase classname="Tests.APIUI_2" name="verifyAPIDropdown9" time="4.031"/>
  <testcase classname="Tests.APIUI_2" name="verifyAPIDropdown11" time="3.282"/>
  <testcase classname="Tests.APIUI_2" name="verifyAPIDropdown8" time="3.946"/>
  <testcase classname="Tests.APIUI_2" name="verifyAPIDropdown5" time="3.851"/>
  <testcase classname="Tests.APIUI_2" name="verifyAPIDropdown2" time="4.042"/>
</testsuite> <!-- Tests.APIUI_2 -->
