<?xml version="1.0" encoding="UTF-8"?>
<!-- Generated by org.testng.reporters.JUnitReportReporter -->
<testsuite hostname="venkatas-MacBook-Pro.local" failures="0" tests="5" name="Tests.Login_4" time="37.279" errors="0" timestamp="2025-09-12T11:01:53 IST" skipped="0">
  <testcase classname="Tests.Login_4" name="testHomeIconOnLoginPage" time="10.064"/>
  <testcase classname="Tests.Login_4" name="testCartIconOnLoginPage" time="8.791"/>
  <testcase classname="Tests.Login_4" name="testLoginIconOnLoginPage" time="5.704"/>
  <testcase classname="Tests.Login_4" name="testProductIconOnLoginPage" time="6.782"/>
  <testcase classname="Tests.Login_4" name="testTestCasesIconOnLoginPage" time="5.938"/>
</testsuite> <!-- Tests.Login_4 -->
