<?xml version="1.0" encoding="UTF-8"?>
<!-- Generated by org.testng.reporters.JUnitReportReporter -->
<testsuite hostname="venkatas-MacBook-Pro.local" failures="0" tests="9" name="Tests.UI_Home_1" time="-1756701440.000" errors="1" timestamp="2025-09-01T10:05:56 IST" skipped="8">
  <testcase classname="Tests.UI_Home_1" name="verifySlideshowIsWorking" time="0.000">
    <skipped/>
  </testcase> <!-- verifySlideshowIsWorking -->
  <testcase classname="Tests.UI_Home_1" name="verifyAddToCartFromHomePage" time="0.000">
    <skipped/>
  </testcase> <!-- verifyAddToCartFromHomePage -->
  <testcase classname="Tests.UI_Home_1" name="verifyCursorChangesOnHover" time="0.000">
    <skipped/>
  </testcase> <!-- verifyCursorChangesOnHover -->
  <testcase classname="Tests.UI_Home_1" name="verifyCarouselArrows" time="0.001">
    <skipped/>
  </testcase> <!-- verifyCarouselArrows -->
  <testcase classname="Tests.UI_Home_1" name="verifyApiTestingPage" time="0.000">
    <skipped/>
  </testcase> <!-- verifyApiTestingPage -->
  <testcase classname="Tests.UI_Home_1" name="verifyCategoryColumnFunctionality" time="0.000">
    <skipped/>
  </testcase> <!-- verifyCategoryColumnFunctionality -->
  <testcase classname="Tests.UI_Home_1" name="verifyHomepageBannersLoad" time="0.000">
    <skipped/>
  </testcase> <!-- verifyHomepageBannersLoad -->
  <testcase classname="Tests.UI_Home_1" name="setUp" time="-1756701440.000">
    <error message="
Parameter &#039;browser&#039; is required by BeforeMethod on method setUp but has not been marked @Optional or defined
in /private/var/folders/3z/q9ynh7zx03vbgm6slz1bk9lw0000gn/T/testng-eclipse--1083755980/testng-customsuite.xml" type="org.testng.TestNGException">
      <![CDATA[org.testng.TestNGException: 
Parameter 'browser' is required by BeforeMethod on method setUp but has not been marked @Optional or defined
in /private/var/folders/3z/q9ynh7zx03vbgm6slz1bk9lw0000gn/T/testng-eclipse--1083755980/testng-customsuite.xml
at org.testng.internal.Parameters.createParams(Parameters.java:264)
at org.testng.internal.Parameters.createParametersForMethod(Parameters.java:352)
at org.testng.internal.Parameters.createParameters(Parameters.java:690)
at org.testng.internal.Parameters.createConfigurationParameters(Parameters.java:163)
at org.testng.internal.invokers.ConfigInvoker.invokeConfigurations(ConfigInvoker.java:313)
at org.testng.internal.invokers.TestInvoker.runConfigMethods(TestInvoker.java:836)
at org.testng.internal.invokers.TestInvoker.invokeMethod(TestInvoker.java:601)
at org.testng.internal.invokers.TestInvoker.invokeTestMethod(TestInvoker.java:230)
at org.testng.internal.invokers.MethodRunner.runInSequence(MethodRunner.java:63)
at org.testng.internal.invokers.TestInvoker$MethodInvocationAgent.invoke(TestInvoker.java:995)
at org.testng.internal.invokers.TestInvoker.invokeTestMethods(TestInvoker.java:203)
at org.testng.internal.invokers.TestMethodWorker.invokeTestMethods(TestMethodWorker.java:154)
at org.testng.internal.invokers.TestMethodWorker.run(TestMethodWorker.java:134)
at java.base/java.util.ArrayList.forEach(ArrayList.java:1596)
at org.testng.TestRunner.privateRun(TestRunner.java:741)
at org.testng.TestRunner.run(TestRunner.java:616)
at org.testng.SuiteRunner.runTest(SuiteRunner.java:421)
at org.testng.SuiteRunner.runSequentially(SuiteRunner.java:413)
at org.testng.SuiteRunner.privateRun(SuiteRunner.java:373)
at org.testng.SuiteRunner.run(SuiteRunner.java:312)
at org.testng.SuiteRunnerWorker.runSuite(SuiteRunnerWorker.java:52)
at org.testng.SuiteRunnerWorker.run(SuiteRunnerWorker.java:95)
at org.testng.TestNG.runSuitesSequentially(TestNG.java:1274)
at org.testng.TestNG.runSuitesLocally(TestNG.java:1208)
at org.testng.TestNG.runSuites(TestNG.java:1112)
at org.testng.TestNG.run(TestNG.java:1079)
at org.testng.remote.AbstractRemoteTestNG.run(AbstractRemoteTestNG.java:115)
at org.testng.remote.RemoteTestNG.initAndRun(RemoteTestNG.java:293)
at org.testng.remote.RemoteTestNG.main(RemoteTestNG.java:91)
]]>
    </error>
  </testcase> <!-- setUp -->
  <testcase classname="Tests.UI_Home_1" name="verifyBrandColumnFunctionality" time="0.000">
    <skipped/>
  </testcase> <!-- verifyBrandColumnFunctionality -->
</testsuite> <!-- Tests.UI_Home_1 -->
