<?xml version="1.0" encoding="UTF-8"?>
<!-- Generated by org.testng.reporters.JUnitReportReporter -->
<testsuite hostname="venkatas-MacBook-Pro.local" failures="0" tests="14" name="Tests.APIUI_2" time="69.534" errors="0" timestamp="2025-09-12T10:37:27 IST" skipped="0">
  <testcase classname="Tests.APIUI_2" name="verifyAPIDropdown9" time="6.668"/>
  <testcase classname="Tests.APIUI_2" name="verifyAPIDropdown13" time="5.833"/>
  <testcase classname="Tests.APIUI_2" name="verifyAPIDropdown5" time="4.767"/>
  <testcase classname="Tests.APIUI_2" name="verifyAPIDropdown12" time="3.888"/>
  <testcase classname="Tests.APIUI_2" name="verifyAPIDropdown1" time="5.016"/>
  <testcase classname="Tests.APIUI_2" name="verifyAPIDropdown14" time="4.938"/>
  <testcase classname="Tests.APIUI_2" name="verifyAPIDropdown11" time="4.960"/>
  <testcase classname="Tests.APIUI_2" name="verifyAPIDropdown8" time="5.643"/>
  <testcase classname="Tests.APIUI_2" name="verifyAPIDropdown2" time="5.106"/>
  <testcase classname="Tests.APIUI_2" name="verifyAPIDropdown6" time="3.787"/>
  <testcase classname="Tests.APIUI_2" name="verifyAPIDropdown4" time="4.620"/>
  <testcase classname="Tests.APIUI_2" name="verifyAPIDropdown3" time="4.665"/>
  <testcase classname="Tests.APIUI_2" name="verifyAPIDropdown7" time="4.982"/>
  <testcase classname="Tests.APIUI_2" name="verifyAPIDropdown10" time="4.661"/>
</testsuite> <!-- Tests.APIUI_2 -->
