<?xml version="1.0" encoding="UTF-8"?>
<!-- Generated by org.testng.reporters.JUnitReportReporter -->
<testsuite hostname="LAPTOP-UQLJLBQ3" failures="0" tests="2" name="Tests.TestAutomation" time="11.925" errors="0" timestamp="2025-09-15T11:49:41 IST" skipped="0">
  <testcase classname="Tests.TestAutomation" name="verifyUrlLoads" time="5.350"/>
  <testcase classname="Tests.TestAutomation" name="verifyHomeButton" time="6.575"/>
</testsuite> <!-- Tests.TestAutomation -->
