<?xml version="1.0" encoding="UTF-8"?>
<!-- Generated by org.testng.reporters.JUnitReportReporter -->
<testsuite hostname="LAPTOP-UQLJLBQ3" failures="0" tests="3" name="Tests.ContactUsPage" time="15.924" errors="0" timestamp="2025-09-17T12:37:18 IST" skipped="0">
  <testcase classname="Tests.ContactUsPage" name="verifyContactFormWithExcelData" time="4.782"/>
  <testcase classname="Tests.ContactUsPage" name="verifyContactFormWithExcelData" time="5.463"/>
  <testcase classname="Tests.ContactUsPage" name="verifyContactFormWithExcelData" time="5.679"/>
</testsuite> <!-- Tests.ContactUsPage -->
