<?xml version="1.0" encoding="UTF-8"?>
<!-- Generated by org.testng.reporters.JUnitReportReporter -->
<testsuite hostname="LAPTOP-UQLJLBQ3" failures="0" tests="5" name="Tests.Login_4" time="33.538" errors="0" timestamp="2025-09-17T14:09:13 IST" skipped="0">
  <testcase classname="Tests.Login_4" name="testProductIconOnLoginPage" time="7.384"/>
  <testcase classname="Tests.Login_4" name="testHomeIconOnLoginPage" time="7.977"/>
  <testcase classname="Tests.Login_4" name="testCartIconOnLoginPage" time="6.923"/>
  <testcase classname="Tests.Login_4" name="testTestCasesIconOnLoginPage" time="7.019"/>
  <testcase classname="Tests.Login_4" name="testLoginIconOnLoginPage" time="4.235"/>
</testsuite> <!-- Tests.Login_4 -->
