<?xml version="1.0" encoding="UTF-8"?>
<!-- Generated by org.testng.reporters.JUnitReportReporter -->
<testsuite hostname="venkatas-MacBook-Pro.local" failures="0" tests="2" name="Tests.TestAutomation" time="14.209" errors="0" timestamp="2025-09-12T11:11:34 IST" skipped="0">
  <testcase classname="Tests.TestAutomation" name="verifyUrlLoads" time="5.657"/>
  <testcase classname="Tests.TestAutomation" name="verifyHomeButton" time="8.552"/>
</testsuite> <!-- Tests.TestAutomation -->
