<?xml version="1.0" encoding="UTF-8"?>
<!-- Generated by org.testng.reporters.JUnitReportReporter -->
<testsuite hostname="LAPTOP-UQLJLBQ3" failures="0" tests="3" name="Tests.Fun_Login_Excel" time="17.214" errors="0" timestamp="2025-09-15T11:26:07 IST" skipped="0">
  <testcase classname="Tests.Fun_Login_Excel" name="verifyNavigateToLoginPage" time="5.753"/>
  <testcase classname="Tests.Fun_Login_Excel" name="verifyScrollUp" time="7.298"/>
  <testcase classname="Tests.Fun_Login_Excel" name="verifyScrollDown" time="4.163"/>
</testsuite> <!-- Tests.Fun_Login_Excel -->
