<?xml version="1.0" encoding="UTF-8"?>
<!-- Generated by org.testng.reporters.JUnitReportReporter -->
<testsuite hostname="LAPTOP-UQLJLBQ3" failures="0" tests="5" name="Tests.Login_5" time="31.147" errors="0" timestamp="2025-09-17T14:09:13 IST" skipped="0">
  <testcase classname="Tests.Login_5" name="testVideoTutorialsIconOnLoginPage" time="7.411"/>
  <testcase classname="Tests.Login_5" name="testAutomationExerciseLogoOnLoginPage" time="6.346"/>
  <testcase classname="Tests.Login_5" name="testApiTestingIconOnLoginPage" time="6.953"/>
  <testcase classname="Tests.Login_5" name="testSubscriptionEmailEntryFieldOnLoginPage" time="3.328"/>
  <testcase classname="Tests.Login_5" name="testContactUsIconOnLoginPage" time="7.109"/>
</testsuite> <!-- Tests.Login_5 -->
