<?xml version="1.0" encoding="UTF-8"?>
<!-- Generated by org.testng.reporters.JUnitReportReporter -->
<testsuite hostname="LAPTOP-UQLJLBQ3" failures="0" tests="5" name="Tests.Product_UI_1" time="31.115" errors="0" timestamp="2025-09-15T11:39:43 IST" skipped="0">
  <testcase classname="Tests.Product_UI_1" name="verifyHomeIconOnProductsPage" time="6.025"/>
  <testcase classname="Tests.Product_UI_1" name="verifyCartIconOnProductsPage" time="6.824"/>
  <testcase classname="Tests.Product_UI_1" name="verifyLoginIconOnProductsPage" time="5.657"/>
  <testcase classname="Tests.Product_UI_1" name="verifyProductIconOnProductsPage" time="7.330"/>
  <testcase classname="Tests.Product_UI_1" name="verifyTestCasesIconOnProductsPage" time="5.279"/>
</testsuite> <!-- Tests.Product_UI_1 -->
