<?xml version="1.0" encoding="UTF-8"?>
<!-- Generated by org.testng.reporters.JUnitReportReporter -->
<testsuite hostname="LAPTOP-UQLJLBQ3" failures="0" tests="6" name="Tests.Login_6" time="21.021" errors="0" timestamp="2025-09-17T14:09:13 IST" skipped="0">
  <testcase classname="Tests.Login_6" name="testScrollDownUsingMouseClickOnLoginPage" time="3.226"/>
  <testcase classname="Tests.Login_6" name="testScrollDownUsingMouseScrollOnLoginPage" time="4.014"/>
  <testcase classname="Tests.Login_6" name="testScrollDownUsingKeyboardOnLoginPage" time="3.688"/>
  <testcase classname="Tests.Login_6" name="testScrollUpUsingMouseClickOnLoginPage" time="3.077"/>
  <testcase classname="Tests.Login_6" name="testScrollUpUsingKeyboardOnLoginPage" time="3.079"/>
  <testcase classname="Tests.Login_6" name="testScrollUpUsingMouseScrollOnLoginPage" time="3.937"/>
</testsuite> <!-- Tests.Login_6 -->
