<?xml version="1.0" encoding="UTF-8"?>
<!-- Generated by org.testng.reporters.JUnitReportReporter -->
<testsuite hostname="venkatas-MacBook-Pro.local" failures="0" tests="5" name="Tests.Product_UI_5" time="30.817" errors="0" timestamp="2025-09-12T11:08:00 IST" skipped="0">
  <testcase classname="Tests.Product_UI_5" name="verifyBrandsTitle" time="5.160"/>
  <testcase classname="Tests.Product_UI_5" name="verifyCursorChangeOnWomen" time="5.940"/>
  <testcase classname="Tests.Product_UI_5" name="verifyCursorChangeOnMen" time="5.833"/>
  <testcase classname="Tests.Product_UI_5" name="verifyAllProductsTitle" time="6.112"/>
  <testcase classname="Tests.Product_UI_5" name="verifyCursorChangeOnKids" time="7.772"/>
</testsuite> <!-- Tests.Product_UI_5 -->
