<?xml version="1.0" encoding="UTF-8"?>
<!-- Generated by org.testng.reporters.JUnitReportReporter -->
<testsuite hostname="LAPTOP-UQLJLBQ3" failures="0" tests="5" name="Tests.Product_UI_4" time="32.709" errors="0" timestamp="2025-09-17T14:09:13 IST" skipped="0">
  <testcase classname="Tests.Product_UI_4" name="verifyCursorChangeOnKids" time="6.879"/>
  <testcase classname="Tests.Product_UI_4" name="verifyCategoryTitle" time="6.346"/>
  <testcase classname="Tests.Product_UI_4" name="verifyCursorChangeOnWomen" time="7.017"/>
  <testcase classname="Tests.Product_UI_4" name="verifyCursorChangeOnMen" time="6.805"/>
  <testcase classname="Tests.Product_UI_4" name="verifySpecialOfferLogo" time="5.662"/>
</testsuite> <!-- Tests.Product_UI_4 -->
