<?xml version="1.0" encoding="UTF-8"?>
<!-- Generated by org.testng.reporters.JUnitReportReporter -->
<testsuite hostname="LAPTOP-UQLJLBQ3" failures="0" tests="5" name="Tests.Product_UI_3" time="24.280" errors="0" timestamp="2025-09-15T11:41:13 IST" skipped="0">
  <testcase classname="Tests.Product_UI_3" name="verifyScrollDownUsingKeyboard" time="4.400"/>
  <testcase classname="Tests.Product_UI_3" name="verifyScrollDownUsingMouseClick" time="5.989"/>
  <testcase classname="Tests.Product_UI_3" name="verifyScrollUpUsingKeyboard" time="5.155"/>
  <testcase classname="Tests.Product_UI_3" name="verifyScrollUpUsingMouseScroll" time="4.167"/>
  <testcase classname="Tests.Product_UI_3" name="verifyScrollUpUsingMouseClick" time="4.569"/>
</testsuite> <!-- Tests.Product_UI_3 -->
