<?xml version="1.0" encoding="UTF-8"?>
<!-- Generated by org.testng.reporters.JUnitReportReporter -->
<testsuite hostname="venkatas-MacBook-Pro.local" failures="0" tests="5" name="Tests.Product_UI_3" time="28.423" errors="0" timestamp="2025-09-12T11:06:04 IST" skipped="0">
  <testcase classname="Tests.Product_UI_3" name="verifyScrollUpUsingKeyboard" time="6.785"/>
  <testcase classname="Tests.Product_UI_3" name="verifyScrollUpUsingMouseClick" time="5.947"/>
  <testcase classname="Tests.Product_UI_3" name="verifyScrollDownUsingKeyboard" time="5.438"/>
  <testcase classname="Tests.Product_UI_3" name="verifyScrollDownUsingMouseClick" time="5.265"/>
  <testcase classname="Tests.Product_UI_3" name="verifyScrollUpUsingMouseScroll" time="4.988"/>
</testsuite> <!-- Tests.Product_UI_3 -->
