<?xml version="1.0" encoding="UTF-8"?>
<!-- Generated by org.testng.reporters.JUnitReportReporter -->
<testsuite hostname="LAPTOP-UQLJLBQ3" failures="0" tests="5" name="Tests.Login_4" time="29.382" errors="0" timestamp="2025-09-15T11:37:18 IST" skipped="0">
  <testcase classname="Tests.Login_4" name="testHomeIconOnLoginPage" time="6.953"/>
  <testcase classname="Tests.Login_4" name="testProductIconOnLoginPage" time="6.848"/>
  <testcase classname="Tests.Login_4" name="testTestCasesIconOnLoginPage" time="6.007"/>
  <testcase classname="Tests.Login_4" name="testCartIconOnLoginPage" time="4.442"/>
  <testcase classname="Tests.Login_4" name="testLoginIconOnLoginPage" time="5.132"/>
</testsuite> <!-- Tests.Login_4 -->
