<?xml version="1.0" encoding="UTF-8"?>
<!-- Generated by org.testng.reporters.JUnitReportReporter -->
<testsuite hostname="venkatas-MacBook-Pro.local" failures="0" tests="11" name="Tests.ContactUsPage" time="63.027" errors="2" timestamp="2025-09-12T10:45:22 IST" skipped="0">
  <testcase classname="Tests.ContactUsPage" name="verifyContactUsButtonNavigation" time="7.377"/>
  <testcase classname="Tests.ContactUsPage" name="verifyContactFormWithExcelData" time="5.138"/>
  <testcase classname="Tests.ContactUsPage" name="verifyContactFormWithExcelData" time="4.710"/>
  <testcase classname="Tests.ContactUsPage" name="verifyContactFormWithExcelData" time="6.838"/>
  <testcase classname="Tests.ContactUsPage" name="verifyNameFieldWithInvalidInput" time="4.327"/>
  <testcase classname="Tests.ContactUsPage" name="verifyEmailFieldWithInvalidInput" time="4.846"/>
  <testcase classname="Tests.ContactUsPage" name="verifyFileAttachment" time="4.871">
    <error message="invalid argument: File not found : /Users/venkatakalyan/eclipse-workspace/Finalproj/test_data/Details.txt
  (Session info: chrome=140.0.7339.133)
Build info: version: &#039;4.34.0&#039;, revision: &#039;2a4c61c498&#039;
System info: os.name: &#039;Mac OS X&#039;, os.arch: &#039;x86_64&#039;, os.version: &#039;15.6.1&#039;, java.version: &#039;21.0.8&#039;
Driver info: org.openqa.selenium.chrome.ChromeDriver
Command: [52a54c93fc1210cb0029c5b4606556ee, sendKeysToElement {id=f.A94D46CB680AD88874147A22F004F846.d.0264867AB1000DF1010017CB3C7A8324.e.30, value=[Ljava.lang.CharSequence;@46612bfc}]
Capabilities {acceptInsecureCerts: false, browserName: chrome, browserVersion: 140.0.7339.133, chrome: {chromedriverVersion: 140.0.7339.82 (bc93617e21c3..., userDataDir: /var/folders/3z/q9ynh7zx03v...}, fedcm:accounts: true, goog:chromeOptions: {debuggerAddress: localhost:50406}, networkConnectionEnabled: false, pageLoadStrategy: normal, platformName: mac, proxy: Proxy(), se:cdp: ws://localhost:50406/devtoo..., se:cdpVersion: 140.0.7339.133, setWindowRect: true, strictFileInteractability: false, timeouts: {implicit: 0, pageLoad: 300000, script: 30000}, unhandledPromptBehavior: dismiss and notify, webauthn:extension:credBlob: true, webauthn:extension:largeBlob: true, webauthn:extension:minPinLength: true, webauthn:extension:prf: true, webauthn:virtualAuthenticators: true}
Element: [[ChromeDriver: chrome on mac (52a54c93fc1210cb0029c5b4606556ee)] -&gt; css selector: input[name=&#039;upload_file&#039;]]
Session ID: 52a54c93fc1210cb0029c5b4606556ee" type="org.openqa.selenium.InvalidArgumentException">
      <![CDATA[org.openqa.selenium.InvalidArgumentException: invalid argument: File not found : /Users/venkatakalyan/eclipse-workspace/Finalproj/test_data/Details.txt
  (Session info: chrome=140.0.7339.133)
Build info: version: '4.34.0', revision: '2a4c61c498'
System info: os.name: 'Mac OS X', os.arch: 'x86_64', os.version: '15.6.1', java.version: '21.0.8'
Driver info: org.openqa.selenium.chrome.ChromeDriver
Command: [52a54c93fc1210cb0029c5b4606556ee, sendKeysToElement {id=f.A94D46CB680AD88874147A22F004F846.d.0264867AB1000DF1010017CB3C7A8324.e.30, value=[Ljava.lang.CharSequence;@46612bfc}]
Capabilities {acceptInsecureCerts: false, browserName: chrome, browserVersion: 140.0.7339.133, chrome: {chromedriverVersion: 140.0.7339.82 (bc93617e21c3..., userDataDir: /var/folders/3z/q9ynh7zx03v...}, fedcm:accounts: true, goog:chromeOptions: {debuggerAddress: localhost:50406}, networkConnectionEnabled: false, pageLoadStrategy: normal, platformName: mac, proxy: Proxy(), se:cdp: ws://localhost:50406/devtoo..., se:cdpVersion: 140.0.7339.133, setWindowRect: true, strictFileInteractability: false, timeouts: {implicit: 0, pageLoad: 300000, script: 30000}, unhandledPromptBehavior: dismiss and notify, webauthn:extension:credBlob: true, webauthn:extension:largeBlob: true, webauthn:extension:minPinLength: true, webauthn:extension:prf: true, webauthn:virtualAuthenticators: true}
Element: [[ChromeDriver: chrome on mac (52a54c93fc1210cb0029c5b4606556ee)] -> css selector: input[name='upload_file']]
Session ID: 52a54c93fc1210cb0029c5b4606556ee
at java.base/jdk.internal.reflect.DirectConstructorHandleAccessor.newInstance(DirectConstructorHandleAccessor.java:62)
at java.base/java.lang.reflect.Constructor.newInstanceWithCaller(Constructor.java:502)
at java.base/java.lang.reflect.Constructor.newInstance(Constructor.java:486)
at org.openqa.selenium.remote.ErrorCodec.decode(ErrorCodec.java:167)
at org.openqa.selenium.remote.codec.w3c.W3CHttpResponseCodec.decode(W3CHttpResponseCodec.java:138)
at org.openqa.selenium.remote.codec.w3c.W3CHttpResponseCodec.decode(W3CHttpResponseCodec.java:50)
at org.openqa.selenium.remote.HttpCommandExecutor.execute(HttpCommandExecutor.java:215)
at org.openqa.selenium.remote.service.DriverCommandExecutor.invokeExecute(DriverCommandExecutor.java:216)
at org.openqa.selenium.remote.service.DriverCommandExecutor.execute(DriverCommandExecutor.java:174)
at org.openqa.selenium.remote.RemoteWebDriver.execute(RemoteWebDriver.java:544)
at org.openqa.selenium.remote.RemoteWebElement.execute(RemoteWebElement.java:223)
at org.openqa.selenium.remote.RemoteWebElement.sendKeys(RemoteWebElement.java:110)
at Tests.ContactUsPage.verifyFileAttachment(ContactUsPage.java:136)
at java.base/jdk.internal.reflect.DirectMethodHandleAccessor.invoke(DirectMethodHandleAccessor.java:103)
at java.base/java.lang.reflect.Method.invoke(Method.java:580)
at org.testng.internal.invokers.MethodInvocationHelper.invokeMethod(MethodInvocationHelper.java:141)
at org.testng.internal.invokers.TestInvoker.invokeMethod(TestInvoker.java:687)
at org.testng.internal.invokers.TestInvoker.invokeTestMethod(TestInvoker.java:230)
at org.testng.internal.invokers.MethodRunner.runInSequence(MethodRunner.java:63)
at org.testng.internal.invokers.TestInvoker$MethodInvocationAgent.invoke(TestInvoker.java:995)
at org.testng.internal.invokers.TestInvoker.invokeTestMethods(TestInvoker.java:203)
at org.testng.internal.invokers.TestMethodWorker.invokeTestMethods(TestMethodWorker.java:154)
at org.testng.internal.invokers.TestMethodWorker.run(TestMethodWorker.java:134)
at java.base/java.util.ArrayList.forEach(ArrayList.java:1596)
at org.testng.TestRunner.privateRun(TestRunner.java:741)
at org.testng.TestRunner.run(TestRunner.java:616)
at org.testng.SuiteRunner.runTest(SuiteRunner.java:421)
at org.testng.SuiteRunner.runSequentially(SuiteRunner.java:413)
at org.testng.SuiteRunner.privateRun(SuiteRunner.java:373)
at org.testng.SuiteRunner.run(SuiteRunner.java:312)
at org.testng.SuiteRunnerWorker.runSuite(SuiteRunnerWorker.java:52)
at org.testng.SuiteRunnerWorker.run(SuiteRunnerWorker.java:95)
at org.testng.TestNG.runSuitesSequentially(TestNG.java:1274)
at org.testng.TestNG.runSuitesLocally(TestNG.java:1208)
at org.testng.TestNG.runSuites(TestNG.java:1112)
at org.testng.TestNG.run(TestNG.java:1079)
at org.testng.remote.AbstractRemoteTestNG.run(AbstractRemoteTestNG.java:115)
at org.testng.remote.RemoteTestNG.initAndRun(RemoteTestNG.java:293)
at org.testng.remote.RemoteTestNG.main(RemoteTestNG.java:91)
]]>
    </error>
  </testcase> <!-- verifyFileAttachment -->
  <testcase classname="Tests.ContactUsPage" name="verifySubscriptionWithInvalidEmail" time="11.375"/>
  <testcase classname="Tests.ContactUsPage" name="verifySubscriptionWithValidEmail" time="5.385"/>
  <testcase classname="Tests.ContactUsPage" name="verifyScrollUpFunctionality" time="3.838">
    <error message="class java.lang.Double cannot be cast to class java.lang.Long (java.lang.Double and java.lang.Long are in module java.base of loader &#039;bootstrap&#039;)" type="java.lang.ClassCastException">
      <![CDATA[java.lang.ClassCastException: class java.lang.Double cannot be cast to class java.lang.Long (java.lang.Double and java.lang.Long are in module java.base of loader 'bootstrap')
at Tests.ContactUsPage.lambda$0(ContactUsPage.java:215)
at org.openqa.selenium.support.ui.FluentWait.until(FluentWait.java:203)
at Tests.ContactUsPage.verifyScrollUpFunctionality(ContactUsPage.java:215)
at java.base/jdk.internal.reflect.DirectMethodHandleAccessor.invoke(DirectMethodHandleAccessor.java:103)
at java.base/java.lang.reflect.Method.invoke(Method.java:580)
at org.testng.internal.invokers.MethodInvocationHelper.invokeMethod(MethodInvocationHelper.java:141)
at org.testng.internal.invokers.TestInvoker.invokeMethod(TestInvoker.java:687)
at org.testng.internal.invokers.TestInvoker.invokeTestMethod(TestInvoker.java:230)
at org.testng.internal.invokers.MethodRunner.runInSequence(MethodRunner.java:63)
at org.testng.internal.invokers.TestInvoker$MethodInvocationAgent.invoke(TestInvoker.java:995)
at org.testng.internal.invokers.TestInvoker.invokeTestMethods(TestInvoker.java:203)
at org.testng.internal.invokers.TestMethodWorker.invokeTestMethods(TestMethodWorker.java:154)
at org.testng.internal.invokers.TestMethodWorker.run(TestMethodWorker.java:134)
at java.base/java.util.ArrayList.forEach(ArrayList.java:1596)
at org.testng.TestRunner.privateRun(TestRunner.java:741)
at org.testng.TestRunner.run(TestRunner.java:616)
at org.testng.SuiteRunner.runTest(SuiteRunner.java:421)
at org.testng.SuiteRunner.runSequentially(SuiteRunner.java:413)
at org.testng.SuiteRunner.privateRun(SuiteRunner.java:373)
at org.testng.SuiteRunner.run(SuiteRunner.java:312)
at org.testng.SuiteRunnerWorker.runSuite(SuiteRunnerWorker.java:52)
at org.testng.SuiteRunnerWorker.run(SuiteRunnerWorker.java:95)
at org.testng.TestNG.runSuitesSequentially(TestNG.java:1274)
at org.testng.TestNG.runSuitesLocally(TestNG.java:1208)
at org.testng.TestNG.runSuites(TestNG.java:1112)
at org.testng.TestNG.run(TestNG.java:1079)
at org.testng.remote.AbstractRemoteTestNG.run(AbstractRemoteTestNG.java:115)
at org.testng.remote.RemoteTestNG.initAndRun(RemoteTestNG.java:293)
at org.testng.remote.RemoteTestNG.main(RemoteTestNG.java:91)
]]>
    </error>
  </testcase> <!-- verifyScrollUpFunctionality -->
  <testcase classname="Tests.ContactUsPage" name="verifyScrollDownFunctionality" time="4.322"/>
</testsuite> <!-- Tests.ContactUsPage -->
