<?xml version="1.0" encoding="UTF-8"?>
<!-- Generated by org.testng.reporters.JUnitReportReporter -->
<testsuite hostname="venkatas-MacBook-Pro.local" failures="0" tests="5" name="Tests.Login_5" time="36.865" errors="0" timestamp="2025-09-12T11:02:43 IST" skipped="0">
  <testcase classname="Tests.Login_5" name="testAutomationExerciseLogoOnLoginPage" time="8.130"/>
  <testcase classname="Tests.Login_5" name="testVideoTutorialsIconOnLoginPage" time="10.413"/>
  <testcase classname="Tests.Login_5" name="testApiTestingIconOnLoginPage" time="6.861"/>
  <testcase classname="Tests.Login_5" name="testContactUsIconOnLoginPage" time="5.822"/>
  <testcase classname="Tests.Login_5" name="testSubscriptionEmailEntryFieldOnLoginPage" time="5.639"/>
</testsuite> <!-- Tests.Login_5 -->
