<?xml version="1.0" encoding="UTF-8"?>
<!-- Generated by org.testng.reporters.JUnitReportReporter -->
<testsuite hostname="LAPTOP-UQLJLBQ3" failures="0" tests="5" name="Tests.Product_UI_4" time="26.472" errors="0" timestamp="2025-09-15T11:41:56 IST" skipped="0">
  <testcase classname="Tests.Product_UI_4" name="verifyCategoryTitle" time="4.275"/>
  <testcase classname="Tests.Product_UI_4" name="verifyCursorChangeOnMen" time="5.270"/>
  <testcase classname="Tests.Product_UI_4" name="verifyCursorChangeOnWomen" time="5.920"/>
  <testcase classname="Tests.Product_UI_4" name="verifyCursorChangeOnKids" time="4.839"/>
  <testcase classname="Tests.Product_UI_4" name="verifySpecialOfferLogo" time="6.168"/>
</testsuite> <!-- Tests.Product_UI_4 -->
