<?xml version="1.0" encoding="UTF-8"?>
<!-- Generated by org.testng.reporters.JUnitReportReporter -->
<testsuite hostname="venkatas-MacBook-Pro.local" failures="0" tests="5" name="Tests.Product_UI_1" time="33.582" errors="0" timestamp="2025-09-12T11:04:23 IST" skipped="0">
  <testcase classname="Tests.Product_UI_1" name="verifyProductIconOnProductsPage" time="6.352"/>
  <testcase classname="Tests.Product_UI_1" name="verifyHomeIconOnProductsPage" time="8.293"/>
  <testcase classname="Tests.Product_UI_1" name="verifyLoginIconOnProductsPage" time="4.930"/>
  <testcase classname="Tests.Product_UI_1" name="verifyTestCasesIconOnProductsPage" time="6.631"/>
  <testcase classname="Tests.Product_UI_1" name="verifyCartIconOnProductsPage" time="7.376"/>
</testsuite> <!-- Tests.Product_UI_1 -->
