<?xml version="1.0" encoding="UTF-8"?>
<!-- Generated by org.testng.reporters.JUnitReportReporter -->
<testsuite hostname="LAPTOP-UQLJLBQ3" failures="0" tests="1" name="Tests.Product_Func_2" time="6.176" errors="0" timestamp="2025-09-15T13:45:38 IST" skipped="0">
  <testcase classname="Tests.Product_Func_2" name="TC_ECOM_Product_021_ValidNameField" time="6.176"/>
</testsuite> <!-- Tests.Product_Func_2 -->
