<?xml version="1.0" encoding="UTF-8"?>
<!-- Generated by org.testng.reporters.JUnitReportReporter -->
<testsuite hostname="venkatas-MacBook-Pro.local" failures="0" tests="6" name="Tests.Login_6" time="30.242" errors="0" timestamp="2025-09-01T13:01:32 IST" skipped="0">
  <testcase classname="Tests.Login_6" name="testScrollDownUsingMouseScrollOnLoginPage" time="7.126"/>
  <testcase classname="Tests.Login_6" name="testScrollUpUsingMouseClickOnLoginPage" time="4.329"/>
  <testcase classname="Tests.Login_6" name="testScrollDownUsingKeyboardOnLoginPage" time="5.215"/>
  <testcase classname="Tests.Login_6" name="testScrollUpUsingMouseScrollOnLoginPage" time="4.635"/>
  <testcase classname="Tests.Login_6" name="testScrollDownUsingMouseClickOnLoginPage" time="4.271"/>
  <testcase classname="Tests.Login_6" name="testScrollUpUsingKeyboardOnLoginPage" time="4.666"/>
</testsuite> <!-- Tests.Login_6 -->
