<?xml version="1.0" encoding="UTF-8"?>
<!-- Generated by org.testng.reporters.JUnitReportReporter -->
<testsuite hostname="venkatas-MacBook-Pro.local" failures="0" tests="5" name="Tests.Product_UI_4" time="30.607" errors="0" timestamp="2025-09-12T11:06:49 IST" skipped="0">
  <testcase classname="Tests.Product_UI_4" name="verifySpecialOfferLogo" time="5.783"/>
  <testcase classname="Tests.Product_UI_4" name="verifyCursorChangeOnWomen" time="4.966"/>
  <testcase classname="Tests.Product_UI_4" name="verifyCategoryTitle" time="5.646"/>
  <testcase classname="Tests.Product_UI_4" name="verifyCursorChangeOnKids" time="5.880"/>
  <testcase classname="Tests.Product_UI_4" name="verifyCursorChangeOnMen" time="8.332"/>
</testsuite> <!-- Tests.Product_UI_4 -->
