<?xml version="1.0" encoding="UTF-8"?>
<!-- Generated by org.testng.reporters.JUnitReportReporter -->
<testsuite hostname="LAPTOP-UQLJLBQ3" failures="0" tests="6" name="Tests.Login_6" time="22.184" errors="0" timestamp="2025-09-15T11:38:39 IST" skipped="0">
  <testcase classname="Tests.Login_6" name="testScrollDownUsingKeyboardOnLoginPage" time="4.030"/>
  <testcase classname="Tests.Login_6" name="testScrollDownUsingMouseClickOnLoginPage" time="3.553"/>
  <testcase classname="Tests.Login_6" name="testScrollUpUsingMouseClickOnLoginPage" time="3.789"/>
  <testcase classname="Tests.Login_6" name="testScrollDownUsingMouseScrollOnLoginPage" time="3.338"/>
  <testcase classname="Tests.Login_6" name="testScrollUpUsingKeyboardOnLoginPage" time="3.267"/>
  <testcase classname="Tests.Login_6" name="testScrollUpUsingMouseScrollOnLoginPage" time="4.207"/>
</testsuite> <!-- Tests.Login_6 -->
