<?xml version="1.0" encoding="UTF-8"?>
<!-- Generated by org.testng.reporters.JUnitReportReporter -->
<testsuite hostname="venkatas-MacBook-Pro.local" failures="0" tests="5" name="Tests.Login_5" time="33.381" errors="0" timestamp="2025-09-01T11:06:34 IST" skipped="0">
  <testcase classname="Tests.Login_5" name="testSubscriptionEmailEntryFieldOnLoginPage" time="4.540"/>
  <testcase classname="Tests.Login_5" name="testAutomationExerciseLogoOnLoginPage" time="6.542"/>
  <testcase classname="Tests.Login_5" name="testVideoTutorialsIconOnLoginPage" time="8.523"/>
  <testcase classname="Tests.Login_5" name="testContactUsIconOnLoginPage" time="8.064"/>
  <testcase classname="Tests.Login_5" name="testApiTestingIconOnLoginPage" time="5.712"/>
</testsuite> <!-- Tests.Login_5 -->
