<?xml version="1.0" encoding="UTF-8"?>
<!-- Generated by org.testng.reporters.JUnitReportReporter -->
<testsuite hostname="LAPTOP-UQLJLBQ3" failures="0" tests="26" name="Tests.TestCasesUI_2" time="109.341" errors="0" timestamp="2025-09-17T14:09:13 IST" skipped="0">
  <testcase classname="Tests.TestCasesUI_2" name="verifyTestCase7OpensAsDropdown" time="4.365"/>
  <testcase classname="Tests.TestCasesUI_2" name="verifyTestCase3OpensAsDropdown" time="4.395"/>
  <testcase classname="Tests.TestCasesUI_2" name="verifyTestCase6OpensAsDropdown" time="4.107"/>
  <testcase classname="Tests.TestCasesUI_2" name="verifyTestCase8OpensAsDropdown" time="4.188"/>
  <testcase classname="Tests.TestCasesUI_2" name="verifyTestCase24OpensAsDropdown" time="4.271"/>
  <testcase classname="Tests.TestCasesUI_2" name="verifyTestCase15OpensAsDropdown" time="4.588"/>
  <testcase classname="Tests.TestCasesUI_2" name="verifyTestCase20OpensAsDropdown" time="4.469"/>
  <testcase classname="Tests.TestCasesUI_2" name="verifyTestCase17OpensAsDropdown" time="3.736"/>
  <testcase classname="Tests.TestCasesUI_2" name="verifyTestCase25OpensAsDropdown" time="4.067"/>
  <testcase classname="Tests.TestCasesUI_2" name="verifyTestCase2OpensAsDropdown" time="4.380"/>
  <testcase classname="Tests.TestCasesUI_2" name="verifyTestCase1OpensAsDropdown" time="4.125"/>
  <testcase classname="Tests.TestCasesUI_2" name="verifyTestCase5OpensAsDropdown" time="4.309"/>
  <testcase classname="Tests.TestCasesUI_2" name="verifyTestCase12OpensAsDropdown" time="4.146"/>
  <testcase classname="Tests.TestCasesUI_2" name="verifyTestCase14OpensAsDropdown" time="3.367"/>
  <testcase classname="Tests.TestCasesUI_2" name="verifyTestCase19OpensAsDropdown" time="3.859"/>
  <testcase classname="Tests.TestCasesUI_2" name="verifyTestCase22OpensAsDropdown" time="4.393"/>
  <testcase classname="Tests.TestCasesUI_2" name="verifyTestCase21OpensAsDropdown" time="4.299"/>
  <testcase classname="Tests.TestCasesUI_2" name="verifyTestCase10OpensAsDropdown" time="4.649"/>
  <testcase classname="Tests.TestCasesUI_2" name="verifyTestCase26OpensAsDropdown" time="4.246"/>
  <testcase classname="Tests.TestCasesUI_2" name="verifyTestCase9OpensAsDropdown" time="4.216"/>
  <testcase classname="Tests.TestCasesUI_2" name="verifyTestCase16OpensAsDropdown" time="4.354"/>
  <testcase classname="Tests.TestCasesUI_2" name="verifyTestCase23OpensAsDropdown" time="4.417"/>
  <testcase classname="Tests.TestCasesUI_2" name="verifyTestCase13OpensAsDropdown" time="4.210"/>
  <testcase classname="Tests.TestCasesUI_2" name="verifyTestCase4OpensAsDropdown" time="4.282"/>
  <testcase classname="Tests.TestCasesUI_2" name="verifyTestCase18OpensAsDropdown" time="3.978"/>
  <testcase classname="Tests.TestCasesUI_2" name="verifyTestCase11OpensAsDropdown" time="3.925"/>
</testsuite> <!-- Tests.TestCasesUI_2 -->
