<?xml version="1.0" encoding="UTF-8"?>
<!-- Generated by org.testng.reporters.JUnitReportReporter -->
<testsuite hostname="LAPTOP-UQLJLBQ3" failures="0" tests="11" name="Tests.Product_Func_1" time="93.947" errors="0" timestamp="2025-09-17T14:09:13 IST" skipped="0">
  <testcase classname="Tests.Product_Func_1" name="TC_ECOM_Product_012_BabyhugProducts" time="6.974"/>
  <testcase classname="Tests.Product_Func_1" name="TC_ECOM_Product_007_KidsIcon" time="4.513"/>
  <testcase classname="Tests.Product_Func_1" name="TC_ECOM_Product_011_MastHarbourProducts" time="7.388"/>
  <testcase classname="Tests.Product_Func_1" name="TC_ECOM_Product_008_PoloProducts" time="7.120"/>
  <testcase classname="Tests.Product_Func_1" name="TC_ECOM_Product_002_SearchBarVisiblity" time="5.631"/>
  <testcase classname="Tests.Product_Func_1" name="TC_ECOM_Product_006_VerifyMenCategoryDropdown" time="6.412"/>
  <testcase classname="Tests.Product_Func_1" name="TC_ECOM_Product_010_MadameProducts" time="28.103"/>
  <testcase classname="Tests.Product_Func_1" name="TC_ECOM_Product_005_VerifyWomenCategoryDropdown" time="5.784"/>
  <testcase classname="Tests.Product_Func_1" name="TC_ECOM_Product_003_SearchFunctionality" time="8.292"/>
  <testcase classname="Tests.Product_Func_1" name="TC_ECOM_Product_001_ProductsButton" time="7.969"/>
  <testcase classname="Tests.Product_Func_1" name="TC_ECOM_Product_009_HmProducts" time="5.761"/>
</testsuite> <!-- Tests.Product_Func_1 -->
