<?xml version="1.0" encoding="UTF-8"?>
<!-- Generated by org.testng.reporters.JUnitReportReporter -->
<testsuite hostname="LAPTOP-UQLJLBQ3" failures="0" tests="6" name="Tests.Login_6" time="22.710" errors="0" timestamp="2025-09-15T13:31:46 IST" skipped="0">
  <testcase classname="Tests.Login_6" name="testScrollDownUsingKeyboardOnLoginPage" time="3.794"/>
  <testcase classname="Tests.Login_6" name="testScrollUpUsingKeyboardOnLoginPage" time="3.718"/>
  <testcase classname="Tests.Login_6" name="testScrollUpUsingMouseScrollOnLoginPage" time="4.350"/>
  <testcase classname="Tests.Login_6" name="testScrollDownUsingMouseScrollOnLoginPage" time="3.502"/>
  <testcase classname="Tests.Login_6" name="testScrollDownUsingMouseClickOnLoginPage" time="3.756"/>
  <testcase classname="Tests.Login_6" name="testScrollUpUsingMouseClickOnLoginPage" time="3.590"/>
</testsuite> <!-- Tests.Login_6 -->
