<?xml version="1.0" encoding="UTF-8"?>
<!-- Generated by org.testng.reporters.JUnitReportReporter -->
<testsuite hostname="LAPTOP-UQLJLBQ3" failures="0" tests="5" name="Tests.Product_UI_1" time="37.446" errors="0" timestamp="2025-09-15T13:31:46 IST" skipped="0">
  <testcase classname="Tests.Product_UI_1" name="verifyTestCasesIconOnProductsPage" time="7.096"/>
  <testcase classname="Tests.Product_UI_1" name="verifyCartIconOnProductsPage" time="7.955"/>
  <testcase classname="Tests.Product_UI_1" name="verifyLoginIconOnProductsPage" time="7.867"/>
  <testcase classname="Tests.Product_UI_1" name="verifyProductIconOnProductsPage" time="8.218"/>
  <testcase classname="Tests.Product_UI_1" name="verifyHomeIconOnProductsPage" time="6.310"/>
</testsuite> <!-- Tests.Product_UI_1 -->
