<?xml version="1.0" encoding="UTF-8"?>
<!-- Generated by org.testng.reporters.JUnitReportReporter -->
<testsuite hostname="LAPTOP-UQLJLBQ3" failures="0" tests="11" name="Tests.Product_Func_1" time="68.184" errors="0" timestamp="2025-09-15T13:31:46 IST" skipped="0">
  <testcase classname="Tests.Product_Func_1" name="TC_ECOM_Product_007_KidsIcon" time="4.074"/>
  <testcase classname="Tests.Product_Func_1" name="TC_ECOM_Product_002_SearchBarVisiblity" time="4.451"/>
  <testcase classname="Tests.Product_Func_1" name="TC_ECOM_Product_006_VerifyMenCategoryDropdown" time="4.313"/>
  <testcase classname="Tests.Product_Func_1" name="TC_ECOM_Product_008_PoloProducts" time="7.601"/>
  <testcase classname="Tests.Product_Func_1" name="TC_ECOM_Product_011_MastHarbourProducts" time="6.443"/>
  <testcase classname="Tests.Product_Func_1" name="TC_ECOM_Product_012_BabyhugProducts" time="6.522"/>
  <testcase classname="Tests.Product_Func_1" name="TC_ECOM_Product_010_MadameProducts" time="8.270"/>
  <testcase classname="Tests.Product_Func_1" name="TC_ECOM_Product_005_VerifyWomenCategoryDropdown" time="4.359"/>
  <testcase classname="Tests.Product_Func_1" name="TC_ECOM_Product_009_HmProducts" time="5.691"/>
  <testcase classname="Tests.Product_Func_1" name="TC_ECOM_Product_003_SearchFunctionality" time="10.055"/>
  <testcase classname="Tests.Product_Func_1" name="TC_ECOM_Product_001_ProductsButton" time="6.405"/>
</testsuite> <!-- Tests.Product_Func_1 -->
