<?xml version="1.0" encoding="UTF-8"?>
<!-- Generated by org.testng.reporters.JUnitReportReporter -->
<testsuite hostname="LAPTOP-UQLJLBQ3" failures="0" tests="5" name="Tests.Product_UI_3" time="24.735" errors="0" timestamp="2025-09-15T13:31:46 IST" skipped="0">
  <testcase classname="Tests.Product_UI_3" name="verifyScrollUpUsingKeyboard" time="4.379"/>
  <testcase classname="Tests.Product_UI_3" name="verifyScrollUpUsingMouseScroll" time="4.522"/>
  <testcase classname="Tests.Product_UI_3" name="verifyScrollDownUsingMouseClick" time="4.689"/>
  <testcase classname="Tests.Product_UI_3" name="verifyScrollUpUsingMouseClick" time="6.722"/>
  <testcase classname="Tests.Product_UI_3" name="verifyScrollDownUsingKeyboard" time="4.423"/>
</testsuite> <!-- Tests.Product_UI_3 -->
