<?xml version="1.0" encoding="UTF-8"?>
<!-- Generated by org.testng.reporters.JUnitReportReporter -->
<testsuite hostname="LAPTOP-UQLJLBQ3" failures="0" tests="26" name="Tests.TestCasesUI_2" time="110.941" errors="0" timestamp="2025-09-15T13:31:46 IST" skipped="0">
  <testcase classname="Tests.TestCasesUI_2" name="verifyTestCase1OpensAsDropdown" time="3.750"/>
  <testcase classname="Tests.TestCasesUI_2" name="verifyTestCase13OpensAsDropdown" time="4.344"/>
  <testcase classname="Tests.TestCasesUI_2" name="verifyTestCase4OpensAsDropdown" time="4.435"/>
  <testcase classname="Tests.TestCasesUI_2" name="verifyTestCase25OpensAsDropdown" time="4.166"/>
  <testcase classname="Tests.TestCasesUI_2" name="verifyTestCase23OpensAsDropdown" time="4.106"/>
  <testcase classname="Tests.TestCasesUI_2" name="verifyTestCase22OpensAsDropdown" time="4.374"/>
  <testcase classname="Tests.TestCasesUI_2" name="verifyTestCase20OpensAsDropdown" time="4.383"/>
  <testcase classname="Tests.TestCasesUI_2" name="verifyTestCase18OpensAsDropdown" time="4.404"/>
  <testcase classname="Tests.TestCasesUI_2" name="verifyTestCase6OpensAsDropdown" time="4.524"/>
  <testcase classname="Tests.TestCasesUI_2" name="verifyTestCase11OpensAsDropdown" time="4.285"/>
  <testcase classname="Tests.TestCasesUI_2" name="verifyTestCase2OpensAsDropdown" time="4.240"/>
  <testcase classname="Tests.TestCasesUI_2" name="verifyTestCase17OpensAsDropdown" time="4.811"/>
  <testcase classname="Tests.TestCasesUI_2" name="verifyTestCase7OpensAsDropdown" time="4.325"/>
  <testcase classname="Tests.TestCasesUI_2" name="verifyTestCase5OpensAsDropdown" time="3.859"/>
  <testcase classname="Tests.TestCasesUI_2" name="verifyTestCase24OpensAsDropdown" time="4.261"/>
  <testcase classname="Tests.TestCasesUI_2" name="verifyTestCase14OpensAsDropdown" time="4.325"/>
  <testcase classname="Tests.TestCasesUI_2" name="verifyTestCase21OpensAsDropdown" time="3.798"/>
  <testcase classname="Tests.TestCasesUI_2" name="verifyTestCase15OpensAsDropdown" time="4.445"/>
  <testcase classname="Tests.TestCasesUI_2" name="verifyTestCase9OpensAsDropdown" time="4.381"/>
  <testcase classname="Tests.TestCasesUI_2" name="verifyTestCase16OpensAsDropdown" time="3.971"/>
  <testcase classname="Tests.TestCasesUI_2" name="verifyTestCase10OpensAsDropdown" time="4.349"/>
  <testcase classname="Tests.TestCasesUI_2" name="verifyTestCase12OpensAsDropdown" time="4.420"/>
  <testcase classname="Tests.TestCasesUI_2" name="verifyTestCase3OpensAsDropdown" time="4.488"/>
  <testcase classname="Tests.TestCasesUI_2" name="verifyTestCase19OpensAsDropdown" time="3.918"/>
  <testcase classname="Tests.TestCasesUI_2" name="verifyTestCase26OpensAsDropdown" time="4.519"/>
  <testcase classname="Tests.TestCasesUI_2" name="verifyTestCase8OpensAsDropdown" time="4.060"/>
</testsuite> <!-- Tests.TestCasesUI_2 -->
