<?xml version="1.0" encoding="UTF-8"?>
<!-- Generated by org.testng.reporters.JUnitReportReporter -->
<testsuite hostname="LAPTOP-UQLJLBQ3" failures="0" tests="3" name="Tests.Fun_Login_Excel" time="17.144" errors="0" timestamp="2025-09-15T13:31:46 IST" skipped="0">
  <testcase classname="Tests.Fun_Login_Excel" name="verifyNavigateToLoginPage" time="5.431"/>
  <testcase classname="Tests.Fun_Login_Excel" name="verifyScrollUp" time="6.946"/>
  <testcase classname="Tests.Fun_Login_Excel" name="verifyScrollDown" time="4.767"/>
</testsuite> <!-- Tests.Fun_Login_Excel -->
