<?xml version="1.0" encoding="UTF-8"?>
<!-- Generated by org.testng.reporters.JUnitReportReporter -->
<testsuite hostname="LAPTOP-UQLJLBQ3" failures="0" tests="5" name="Tests.Product_UI_4" time="33.362" errors="0" timestamp="2025-09-15T13:31:46 IST" skipped="0">
  <testcase classname="Tests.Product_UI_4" name="verifyCursorChangeOnWomen" time="6.994"/>
  <testcase classname="Tests.Product_UI_4" name="verifyCursorChangeOnKids" time="7.032"/>
  <testcase classname="Tests.Product_UI_4" name="verifyCategoryTitle" time="6.431"/>
  <testcase classname="Tests.Product_UI_4" name="verifyCursorChangeOnMen" time="7.164"/>
  <testcase classname="Tests.Product_UI_4" name="verifySpecialOfferLogo" time="5.741"/>
</testsuite> <!-- Tests.Product_UI_4 -->
