<?xml version="1.0" encoding="UTF-8"?>
<!-- Generated by org.testng.reporters.JUnitReportReporter -->
<testsuite hostname="LAPTOP-UQLJLBQ3" failures="0" tests="5" name="Tests.Login_5" time="33.627" errors="0" timestamp="2025-09-15T13:31:46 IST" skipped="0">
  <testcase classname="Tests.Login_5" name="testAutomationExerciseLogoOnLoginPage" time="9.792"/>
  <testcase classname="Tests.Login_5" name="testSubscriptionEmailEntryFieldOnLoginPage" time="4.063"/>
  <testcase classname="Tests.Login_5" name="testVideoTutorialsIconOnLoginPage" time="7.792"/>
  <testcase classname="Tests.Login_5" name="testContactUsIconOnLoginPage" time="7.249"/>
  <testcase classname="Tests.Login_5" name="testApiTestingIconOnLoginPage" time="4.731"/>
</testsuite> <!-- Tests.Login_5 -->
