<?xml version="1.0" encoding="UTF-8"?>
<!-- Generated by org.testng.reporters.JUnitReportReporter -->
<testsuite hostname="LAPTOP-UQLJLBQ3" failures="0" tests="5" name="Tests.Login_4" time="32.541" errors="0" timestamp="2025-09-15T13:31:46 IST" skipped="0">
  <testcase classname="Tests.Login_4" name="testTestCasesIconOnLoginPage" time="7.216"/>
  <testcase classname="Tests.Login_4" name="testCartIconOnLoginPage" time="7.299"/>
  <testcase classname="Tests.Login_4" name="testProductIconOnLoginPage" time="7.278"/>
  <testcase classname="Tests.Login_4" name="testLoginIconOnLoginPage" time="5.182"/>
  <testcase classname="Tests.Login_4" name="testHomeIconOnLoginPage" time="5.566"/>
</testsuite> <!-- Tests.Login_4 -->
