<?xml version="1.0" encoding="UTF-8"?>
<!-- Generated by org.testng.reporters.JUnitReportReporter -->
<testsuite hostname="LAPTOP-UQLJLBQ3" failures="0" tests="5" name="Tests.UI_Home" time="36.201" errors="0" timestamp="2025-09-15T13:31:46 IST" skipped="0">
  <testcase classname="Tests.UI_Home" name="verifyProductButtonFunctionality" time="6.134"/>
  <testcase classname="Tests.UI_Home" name="verifyLogoRedirectsHome" time="8.310"/>
  <testcase classname="Tests.UI_Home" name="verifyRightHandScrollBar" time="4.572"/>
  <testcase classname="Tests.UI_Home" name="verifyScrollUpButton" time="8.471"/>
  <testcase classname="Tests.UI_Home" name="verifyContactUsRedirect" time="8.714"/>
</testsuite> <!-- Tests.UI_Home -->
