<?xml version="1.0" encoding="UTF-8"?>
<!-- Generated by org.testng.reporters.JUnitReportReporter -->
<testsuite hostname="LAPTOP-UQLJLBQ3" failures="0" tests="5" name="Tests.Product_UI_5" time="30.434" errors="0" timestamp="2025-09-15T13:31:46 IST" skipped="0">
  <testcase classname="Tests.Product_UI_5" name="verifyAllProductsTitle" time="6.692"/>
  <testcase classname="Tests.Product_UI_5" name="verifyCursorChangeOnWomen" time="7.029"/>
  <testcase classname="Tests.Product_UI_5" name="verifyCursorChangeOnMen" time="5.269"/>
  <testcase classname="Tests.Product_UI_5" name="verifyCursorChangeOnKids" time="5.144"/>
  <testcase classname="Tests.Product_UI_5" name="verifyBrandsTitle" time="6.300"/>
</testsuite> <!-- Tests.Product_UI_5 -->
