<?xml version="1.0" encoding="UTF-8"?>
<!-- Generated by org.testng.reporters.JUnitReportReporter -->
<testsuite hostname="LAPTOP-UQLJLBQ3" failures="0" tests="14" name="Tests.APIUI_2" time="58.799" errors="0" timestamp="2025-09-15T13:31:46 IST" skipped="0">
  <testcase classname="Tests.APIUI_2" name="verifyAPIDropdown3" time="3.889"/>
  <testcase classname="Tests.APIUI_2" name="verifyAPIDropdown1" time="4.067"/>
  <testcase classname="Tests.APIUI_2" name="verifyAPIDropdown11" time="4.423"/>
  <testcase classname="Tests.APIUI_2" name="verifyAPIDropdown14" time="4.184"/>
  <testcase classname="Tests.APIUI_2" name="verifyAPIDropdown13" time="4.585"/>
  <testcase classname="Tests.APIUI_2" name="verifyAPIDropdown5" time="4.697"/>
  <testcase classname="Tests.APIUI_2" name="verifyAPIDropdown2" time="3.996"/>
  <testcase classname="Tests.APIUI_2" name="verifyAPIDropdown8" time="4.428"/>
  <testcase classname="Tests.APIUI_2" name="verifyAPIDropdown6" time="3.997"/>
  <testcase classname="Tests.APIUI_2" name="verifyAPIDropdown12" time="4.187"/>
  <testcase classname="Tests.APIUI_2" name="verifyAPIDropdown4" time="3.832"/>
  <testcase classname="Tests.APIUI_2" name="verifyAPIDropdown9" time="3.872"/>
  <testcase classname="Tests.APIUI_2" name="verifyAPIDropdown7" time="3.628"/>
  <testcase classname="Tests.APIUI_2" name="verifyAPIDropdown10" time="5.014"/>
</testsuite> <!-- Tests.APIUI_2 -->
